super-linter Log
[0m2020-09-16 09:05:54 [0;34m[INFO  ][0m   ---------------------------------------------[0m
[0m2020-09-16 09:05:54 [0;34m[INFO  ][0m   --- GitHub Actions Multi Language Linter ----[0m
[0m2020-09-16 09:05:54 [0;34m[INFO  ][0m    - Image Creation Date:[2020-09-15T13:44:20Z][0m
[0m2020-09-16 09:05:54 [0;34m[INFO  ][0m    - Image Revision:[f849a99][0m
[0m2020-09-16 09:05:54 [0;34m[INFO  ][0m    - Image Version:[latest][0m
[0m2020-09-16 09:05:54 [0;34m[INFO  ][0m   ---------------------------------------------[0m
[0m2020-09-16 09:05:54 [0;34m[INFO  ][0m   ---------------------------------------------[0m
[0m2020-09-16 09:05:54 [0;34m[INFO  ][0m   The Super-Linter source code can be found at:[0m
[0m2020-09-16 09:05:54 [0;34m[INFO  ][0m    - https://github.com/github/super-linter[0m
[0m2020-09-16 09:05:54 [0;34m[INFO  ][0m   ---------------------------------------------[0m
[0m2020-09-16 09:05:54 [0;34m[INFO  ][0m   --------------------------------------------[0m
[0m2020-09-16 09:05:54 [0;34m[INFO  ][0m   Gathering GitHub information...[0m
[0m2020-09-16 09:05:54 [0;34m[INFO  ][0m   NOTE: ENV VAR [RUN_LOCAL] has been set to:[true][0m
[0m2020-09-16 09:05:54 [0;34m[INFO  ][0m   bypassing GitHub Actions variables...[0m
[0m2020-09-16 09:05:54 [0;34m[INFO  ][0m   Linting all files in mapped directory:[/tmp/lint][0m
[0m2020-09-16 09:05:54 [0;34m[INFO  ][0m   Successfully found:[0;37m[GITHUB_TOKEN][0m
[0m2020-09-16 09:05:54 [0;34m[INFO  ][0m   --------------------------------------------[0m
[0m2020-09-16 09:05:54 [0;34m[INFO  ][0m   Gathering user validation information...[0m
[0m2020-09-16 09:05:54 [0;34m[DEBUG ][0m   - Validating [ANSIBLE] files in code base...[0m
[0m2020-09-16 09:05:54 [0;34m[DEBUG ][0m   - Validating [ARM] files in code base...[0m
[0m2020-09-16 09:05:54 [0;34m[DEBUG ][0m   - Validating [BASH] files in code base...[0m
[0m2020-09-16 09:05:54 [0;34m[DEBUG ][0m   - Validating [BASH_EXEC] files in code base...[0m
[0m2020-09-16 09:05:54 [0;34m[DEBUG ][0m   - Validating [CLOUDFORMATION] files in code base...[0m
[0m2020-09-16 09:05:54 [0;34m[DEBUG ][0m   - Validating [CLOJURE] files in code base...[0m
[0m2020-09-16 09:05:54 [0;34m[DEBUG ][0m   - Validating [COFFEESCRIPT] files in code base...[0m
[0m2020-09-16 09:05:54 [0;34m[DEBUG ][0m   - Validating [CSHARP] files in code base...[0m
[0m2020-09-16 09:05:54 [0;34m[DEBUG ][0m   - Validating [CSS] files in code base...[0m
[0m2020-09-16 09:05:54 [0;34m[DEBUG ][0m   - Validating [DART] files in code base...[0m
[0m2020-09-16 09:05:54 [0;34m[DEBUG ][0m   - Validating [DOCKERFILE] files in code base...[0m
[0m2020-09-16 09:05:54 [0;34m[DEBUG ][0m   - Validating [DOCKERFILE_HADOLINT] files in code base...[0m
[0m2020-09-16 09:05:54 [0;34m[DEBUG ][0m   - Validating [EDITORCONFIG] files in code base...[0m
[0m2020-09-16 09:05:54 [0;34m[DEBUG ][0m   - Validating [ENV] files in code base...[0m
[0m2020-09-16 09:05:54 [0;34m[DEBUG ][0m   - Validating [GO] files in code base...[0m
[0m2020-09-16 09:05:54 [0;34m[DEBUG ][0m   - Validating [GROOVY] files in code base...[0m
[0m2020-09-16 09:05:54 [0;34m[DEBUG ][0m   - Validating [HTML] files in code base...[0m
[0m2020-09-16 09:05:54 [0;34m[DEBUG ][0m   - Validating [JAVA] files in code base...[0m
[0m2020-09-16 09:05:54 [0;34m[DEBUG ][0m   - Validating [JAVASCRIPT_ES] files in code base...[0m
[0m2020-09-16 09:05:54 [0;34m[DEBUG ][0m   - Validating [JAVASCRIPT_STANDARD] files in code base...[0m
[0m2020-09-16 09:05:54 [0;34m[DEBUG ][0m   - Validating [JSON] files in code base...[0m
[0m2020-09-16 09:05:54 [0;34m[DEBUG ][0m   - Validating [JSX] files in code base...[0m
[0m2020-09-16 09:05:54 [0;34m[DEBUG ][0m   - Validating [KOTLIN] files in code base...[0m
[0m2020-09-16 09:05:54 [0;34m[DEBUG ][0m   - Validating [LATEX] files in code base...[0m
[0m2020-09-16 09:05:54 [0;34m[DEBUG ][0m   - Validating [LUA] files in code base...[0m
[0m2020-09-16 09:05:54 [0;34m[DEBUG ][0m   - Validating [MARKDOWN] files in code base...[0m
[0m2020-09-16 09:05:54 [0;34m[DEBUG ][0m   - Validating [OPENAPI] files in code base...[0m
[0m2020-09-16 09:05:54 [0;34m[DEBUG ][0m   - Validating [PERL] files in code base...[0m
[0m2020-09-16 09:05:54 [0;34m[DEBUG ][0m   - Validating [PHP_BUILTIN] files in code base...[0m
[0m2020-09-16 09:05:54 [0;34m[DEBUG ][0m   - Validating [PHP_PHPCS] files in code base...[0m
[0m2020-09-16 09:05:54 [0;34m[DEBUG ][0m   - Validating [PHP_PHPSTAN] files in code base...[0m
[0m2020-09-16 09:05:54 [0;34m[DEBUG ][0m   - Validating [PHP_PSALM] files in code base...[0m
[0m2020-09-16 09:05:54 [0;34m[DEBUG ][0m   - Validating [POWERSHELL] files in code base...[0m
[0m2020-09-16 09:05:54 [0;34m[DEBUG ][0m   - Validating [PROTOBUF] files in code base...[0m
[0m2020-09-16 09:05:54 [0;34m[DEBUG ][0m   - Validating [PYTHON_BLACK] files in code base...[0m
[0m2020-09-16 09:05:54 [0;34m[DEBUG ][0m   - Validating [PYTHON_PYLINT] files in code base...[0m
[0m2020-09-16 09:05:54 [0;34m[DEBUG ][0m   - Validating [PYTHON_FLAKE8] files in code base...[0m
[0m2020-09-16 09:05:54 [0;34m[DEBUG ][0m   - Validating [R] files in code base...[0m
[0m2020-09-16 09:05:54 [0;34m[DEBUG ][0m   - Validating [RAKU] files in code base...[0m
[0m2020-09-16 09:05:54 [0;34m[DEBUG ][0m   - Validating [RUBY] files in code base...[0m
[0m2020-09-16 09:05:54 [0;34m[DEBUG ][0m   - Validating [SHELL_SHFMT] files in code base...[0m
[0m2020-09-16 09:05:54 [0;34m[DEBUG ][0m   - Validating [STATES] files in code base...[0m
[0m2020-09-16 09:05:54 [0;34m[DEBUG ][0m   - Validating [SQL] files in code base...[0m
[0m2020-09-16 09:05:54 [0;34m[DEBUG ][0m   - Validating [TERRAFORM] files in code base...[0m
[0m2020-09-16 09:05:54 [0;34m[DEBUG ][0m   - Validating [TERRAFORM_TERRASCAN] files in code base...[0m
[0m2020-09-16 09:05:54 [0;34m[DEBUG ][0m   - Validating [TSX] files in code base...[0m
[0m2020-09-16 09:05:54 [0;34m[DEBUG ][0m   - Validating [TYPESCRIPT_ES] files in code base...[0m
[0m2020-09-16 09:05:54 [0;34m[DEBUG ][0m   - Validating [TYPESCRIPT_STANDARD] files in code base...[0m
[0m2020-09-16 09:05:54 [0;34m[DEBUG ][0m   - Validating [XML] files in code base...[0m
[0m2020-09-16 09:05:54 [0;34m[DEBUG ][0m   - Validating [YAML] files in code base...[0m
[0m2020-09-16 09:05:54 [0;34m[DEBUG ][0m   --- DEBUG INFO ---[0m
[0m2020-09-16 09:05:54 [0;34m[DEBUG ][0m   ---------------------------------------------[0m
[0m2020-09-16 09:05:54 [0;34m[DEBUG ][0m   Runner:[root][0m
[0m2020-09-16 09:05:54 [0;34m[DEBUG ][0m   ENV:[0m
[0m2020-09-16 09:05:54 [0;34m[DEBUG ][0m   VALIDATE_POWERSHELL=true
VALIDATE_PHP_BUILTIN=true
ERRORS_FOUND_BASH=0
TEST_CASE_RUN=false
ERRORS_FOUND_JSON=0
GITHUB_WORKSPACE=/tmp/lint
ERRORS_FOUND_BASH_EXEC=0
LOG_LEVEL=VERBOSE
VALIDATE_LUA=true
HOSTNAME=c32016adc9dc
PYTHON_VERSION=3.8.5
LOG_TEMP=/tmp/tmp.v5ME4eWRm8
VALIDATE_EDITORCONFIG=true
ERRORS_FOUND_TSX=0
ERRORS_FOUND_DOCKERFILE_HADOLINT=0
ERRORS_FOUND_ANSIBLE=0
ERRORS_FOUND_GROOVY=0
ERRORS_FOUND_OPENAPI=0
LOG_DEBUG=
ACTIONS_RUNNER_DEBUG=false
ERRORS_FOUND_TERRAFORM_TERRASCAN=0
JAVASCRIPT_ES_CONFIG_FILE=
RUN_LOCAL=true
ERRORS_FOUND_TERRAFORM=0
ARM_TTK_PSD1=/opt/microsoft/arm-ttk-master/arm-ttk/arm-ttk.psd1
DEFAULT_DISABLE_ERRORS=false
VALIDATE_PYTHON_PYLINT=true
VALIDATE_R=true
ERRORS_FOUND_ENV=0
ERRORS_FOUND_PYTHON_BLACK=0
ERRORS_FOUND_STATES=0
CSS_FILE_NAME=.stylelintrc.json
VALIDATE_RAKU=true
VALIDATE_DOCKERFILE_HADOLINT=true
DOCKERFILE_HADOLINT_FILE_NAME=.hadolint.yml
PWD=/
VALIDATE_HTML=true
READ_ONLY_CHANGE_FLAG=0
VALIDATE_ALL_CODEBASE=true
ERRORS_FOUND_DOCKERFILE=0
BUILD_DATE=2020-09-15T13:44:20Z
VALIDATE_YAML=true
GITHUB_SHA=
ERRORS_FOUND_LATEX=0
VALIDATE_PYTHON_FLAKE8=true
OUTPUT_FORMAT=
VALIDATE_ANSIBLE=true
DEFAULT_ANSIBLE_DIRECTORY=/ansible
VALIDATE_PYTHON_BLACK=true
VALIDATE_PROTOBUF=true
ERRORS_FOUND_CSHARP=0
VALIDATE_PHP_PHPSTAN=true
VALIDATE_PHP_PHPCS=true
HOME=/root
LANG=C.UTF-8
GITHUB_TOKEN=
VALIDATE_CSS=true
ERRORS_FOUND_XML=0
ERRORS_FOUND_ARM=0
ERRORS_FOUND_RUBY=0
VALIDATE_OPENAPI=true
ERRORS_FOUND_KOTLIN=0
ERRORS_FOUND_JAVASCRIPT_STANDARD=0
VALIDATE_KOTLIN=true
VALIDATE_RUBY=true
ANSIBLE_DIRECTORY=/ansible
ERRORS_FOUND_PHP_BUILTIN=0
ERRORS_FOUND_POWERSHELL=0
GPG_KEY=E3FF2839C048B25C084DEBE9B26995E310250568
VALIDATE_PHP=
LOG_FILE=super-linter.log
VALIDATE_TYPESCRIPT_STANDARD=true
ERRORS_FOUND_RAKU=0
VALIDATE_TYPESCRIPT_ES=true
OUTPUT_FOLDER=super-linter.report
GITHUB_EVENT_PATH=
ERRORS_FOUND_PHP_PHPCS=0
ERRORS_FOUND_EDITORCONFIG=0
VALIDATE_TERRAFORM_TERRASCAN=true
ERRORS_FOUND_TYPESCRIPT_STANDARD=0
GOROOT=/usr/lib/go
ERRORS_FOUND_PROTOBUF=0
ERRORS_FOUND_PERL=0
VALIDATE_ENV=true
ERRORS_FOUND_COFFEESCRIPT=0
VALIDATE_MD=
VALIDATE_DOCKERFILE=true
ERRORS_FOUND_SHELL_SHFMT=0
DEFAULT_BRANCH=master
VALIDATE_COFFEE=
VALIDATE_JAVA=true
VALIDATE_JAVASCRIPT_STANDARD=true
ERRORS_FOUND_CLOJURE=0
ERRORS_FOUND_PYTHON_FLAKE8=0
ERRORS_FOUND_PHP_PHPSTAN=0
VALIDATE_SHELL_SHFMT=true
VALIDATE_DART=true
VALIDATE_LATEX=true
VALIDATE_STATES=true
ERRORS_FOUND_R=0
NC=[0m
SHLVL=0
ERRORS_FOUND_JSX=0
ERRORS_FOUND_JAVA=0
SNAKEMAKE_CONFIG_FILE=
ERRORS_FOUND_SQL=0
VALIDATE_CLOUDFORMATION=true
VALIDATE_BASH_EXEC=true
PYTHON_PIP_VERSION=20.2.3
VALIDATE_XML=true
VALIDATE_SQL=true
ERRORS_FOUND_CLOUDFORMATION=0
VALIDATE_PERL=true
ERRORS_FOUND_TYPESCRIPT_ES=0
BUILD_REVISION=f849a99
MULTI_STATUS=true
VALIDATE_PHP_PSALM=true
TEST_CASE_FOLDER=.automation/test
VALIDATE_ARM=true
VALIDATE_JSON=true
PYTHON_GET_PIP_SHA256=6e0bb0a2c2533361d7f297ed547237caf1b7507f197835974c0dd7eba998c53c
ERRORS_FOUND_CSS=0
GO111MODULE=on
VALIDATE_SNAKEMAKE_LINT=
VALIDATE_JAVASCRIPT_ES=true
OUTPUT_DETAILS=simpler
VALIDATE_PYTHON=
ERRORS_FOUND_MARKDOWN=0
DISABLE_ERRORS=false
LOG_TRACE=
LINTER_RULES_PATH=.github/linters
VALIDATE_CLOJURE=true
PYTHON_GET_PIP_URL=https://github.com/pypa/get-pip/raw/fa7dc83944936bf09a0e4cb5d5ec852c0d256599/get-pip.py
VALIDATE_CSHARP=true
ERRORS_FOUND_PHP_PSALM=0
ERRORS_FOUND_GO=0
PATH=/node_modules/.bin:/usr/local/bin:/usr/local/sbin:/usr/local/bin:/usr/sbin:/usr/bin:/sbin:/bin:/root/.dotnet/tools:/usr/share/dotnet:/usr/lib/go/bin:/go/bin
ERRORS_FOUND_DART=0
VALIDATE_GO=true
ERRORS_FOUND_YAML=0
ERRORS_FOUND_JAVASCRIPT_ES=0
ERRORS_FOUND_LUA=0
BUILD_VERSION=latest
VALIDATE_SNAKEMAKE_SNAKEFMT=
ERRORS_FOUND_PYTHON_PYLINT=0
VALIDATE_BASH=true
VALIDATE_TERRAFORM=true
LOG_VERBOSE=true
GOPATH=/go
ERRORS_FOUND_HTML=0
_=/bin/printenv[0m
[0m2020-09-16 09:05:54 [0;34m[DEBUG ][0m   ---------------------------------------------[0m
[0m2020-09-16 09:05:54 [0;34m[DEBUG ][0m   Getting linter rules for ANSIBLE...[0m
[0m2020-09-16 09:05:54 [0;34m[DEBUG ][0m   Variable names for language file name: ANSIBLE_FILE_NAME, language linter rules: ANSIBLE_LINTER_RULES[0m
[0m2020-09-16 09:05:54 [0;34m[DEBUG ][0m   ANSIBLE language rule file (.ansible-lint.yml) has .ansible-lint name and yml extension[0m
[0m2020-09-16 09:05:54 [0;34m[DEBUG ][0m     -> Codebase does NOT have file:[/tmp/lint/.github/linters/.ansible-lint.yml][0m
[0m2020-09-16 09:05:54 [0;34m[DEBUG ][0m   ANSIBLE language rule file has a secondary rules file name to check: .ansible-lint.yaml[0m
[0m2020-09-16 09:05:54 [0;34m[DEBUG ][0m     -> Codebase does NOT have file:[/tmp/lint/.github/linters/.ansible-lint.yml], nor file:[/tmp/lint/.github/linters/.ansible-lint.yaml], using Default rules at:[/action/lib/.automation/.ansible-lint.yml][0m
[0m2020-09-16 09:05:54 [0;34m[DEBUG ][0m   Getting linter rules for ARM...[0m
[0m2020-09-16 09:05:54 [0;34m[DEBUG ][0m   Variable names for language file name: ARM_FILE_NAME, language linter rules: ARM_LINTER_RULES[0m
[0m2020-09-16 09:05:54 [0;34m[DEBUG ][0m   ARM language rule file (.arm-ttk.psd1) has .arm-ttk name and psd1 extension[0m
[0m2020-09-16 09:05:54 [0;34m[DEBUG ][0m     -> Codebase does NOT have file:[/tmp/lint/.github/linters/.arm-ttk.psd1][0m
[0m2020-09-16 09:05:54 [0;34m[DEBUG ][0m     -> Codebase does NOT have file:[/tmp/lint/.github/linters/.arm-ttk.psd1], nor file:[/tmp/lint/.github/linters/], using Default rules at:[/action/lib/.automation/.arm-ttk.psd1][0m
[0m2020-09-16 09:05:54 [0;34m[DEBUG ][0m   Getting linter rules for CLOUDFORMATION...[0m
[0m2020-09-16 09:05:54 [0;34m[DEBUG ][0m   Variable names for language file name: CLOUDFORMATION_FILE_NAME, language linter rules: CLOUDFORMATION_LINTER_RULES[0m
[0m2020-09-16 09:05:54 [0;34m[DEBUG ][0m   CLOUDFORMATION language rule file (.cfnlintrc.yml) has .cfnlintrc name and yml extension[0m
[0m2020-09-16 09:05:54 [0;34m[DEBUG ][0m     -> Codebase does NOT have file:[/tmp/lint/.github/linters/.cfnlintrc.yml][0m
[0m2020-09-16 09:05:54 [0;34m[DEBUG ][0m   CLOUDFORMATION language rule file has a secondary rules file name to check: .cfnlintrc.yaml[0m
[0m2020-09-16 09:05:54 [0;34m[DEBUG ][0m     -> Codebase does NOT have file:[/tmp/lint/.github/linters/.cfnlintrc.yml], nor file:[/tmp/lint/.github/linters/.cfnlintrc.yaml], using Default rules at:[/action/lib/.automation/.cfnlintrc.yml][0m
[0m2020-09-16 09:05:54 [0;34m[DEBUG ][0m   Getting linter rules for COFFEESCRIPT...[0m
[0m2020-09-16 09:05:54 [0;34m[DEBUG ][0m   Variable names for language file name: COFFEESCRIPT_FILE_NAME, language linter rules: COFFEESCRIPT_LINTER_RULES[0m
[0m2020-09-16 09:05:54 [0;34m[DEBUG ][0m   COFFEESCRIPT language rule file (.coffee-lint.json) has .coffee-lint name and json extension[0m
[0m2020-09-16 09:05:54 [0;34m[DEBUG ][0m     -> Codebase does NOT have file:[/tmp/lint/.github/linters/.coffee-lint.json][0m
[0m2020-09-16 09:05:54 [0;34m[DEBUG ][0m     -> Codebase does NOT have file:[/tmp/lint/.github/linters/.coffee-lint.json], nor file:[/tmp/lint/.github/linters/], using Default rules at:[/action/lib/.automation/.coffee-lint.json][0m
[0m2020-09-16 09:05:54 [0;34m[DEBUG ][0m   Getting linter rules for CSS...[0m
[0m2020-09-16 09:05:54 [0;34m[DEBUG ][0m   Variable names for language file name: CSS_FILE_NAME, language linter rules: CSS_LINTER_RULES[0m
[0m2020-09-16 09:05:54 [0;34m[DEBUG ][0m   CSS language rule file (.stylelintrc.json) has .stylelintrc name and json extension[0m
[0m2020-09-16 09:05:54 [0;34m[DEBUG ][0m     -> Codebase does NOT have file:[/tmp/lint/.github/linters/.stylelintrc.json][0m
[0m2020-09-16 09:05:54 [0;34m[DEBUG ][0m     -> Codebase does NOT have file:[/tmp/lint/.github/linters/.stylelintrc.json], nor file:[/tmp/lint/.github/linters/], using Default rules at:[/action/lib/.automation/.stylelintrc.json][0m
[0m2020-09-16 09:05:54 [0;34m[DEBUG ][0m   Getting linter rules for DART...[0m
[0m2020-09-16 09:05:54 [0;34m[DEBUG ][0m   Variable names for language file name: DART_FILE_NAME, language linter rules: DART_LINTER_RULES[0m
[0m2020-09-16 09:05:54 [0;34m[DEBUG ][0m   DART language rule file (analysis_options.yml) has analysis_options name and yml extension[0m
[0m2020-09-16 09:05:54 [0;34m[DEBUG ][0m     -> Codebase does NOT have file:[/tmp/lint/.github/linters/analysis_options.yml][0m
[0m2020-09-16 09:05:54 [0;34m[DEBUG ][0m   DART language rule file has a secondary rules file name to check: analysis_options.yaml[0m
[0m2020-09-16 09:05:54 [0;34m[DEBUG ][0m     -> Codebase does NOT have file:[/tmp/lint/.github/linters/analysis_options.yml], nor file:[/tmp/lint/.github/linters/analysis_options.yaml], using Default rules at:[/action/lib/.automation/analysis_options.yml][0m
[0m2020-09-16 09:05:54 [0;34m[DEBUG ][0m   Getting linter rules for DOCKERFILE...[0m
[0m2020-09-16 09:05:54 [0;34m[DEBUG ][0m   Variable names for language file name: DOCKERFILE_FILE_NAME, language linter rules: DOCKERFILE_LINTER_RULES[0m
[0m2020-09-16 09:05:54 [0;34m[DEBUG ][0m   DOCKERFILE language rule file (.dockerfilelintrc) has .dockerfilelintrc name and dockerfilelintrc extension[0m
[0m2020-09-16 09:05:54 [0;34m[DEBUG ][0m     -> Codebase does NOT have file:[/tmp/lint/.github/linters/.dockerfilelintrc][0m
[0m2020-09-16 09:05:54 [0;34m[DEBUG ][0m     -> Codebase does NOT have file:[/tmp/lint/.github/linters/.dockerfilelintrc], nor file:[/tmp/lint/.github/linters/], using Default rules at:[/action/lib/.automation/.dockerfilelintrc][0m
[0m2020-09-16 09:05:54 [0;34m[DEBUG ][0m   Getting linter rules for DOCKERFILE_HADOLINT...[0m
[0m2020-09-16 09:05:54 [0;34m[DEBUG ][0m   Variable names for language file name: DOCKERFILE_HADOLINT_FILE_NAME, language linter rules: DOCKERFILE_HADOLINT_LINTER_RULES[0m
[0m2020-09-16 09:05:54 [0;34m[DEBUG ][0m   DOCKERFILE_HADOLINT language rule file (.hadolint.yml) has .hadolint name and yml extension[0m
[0m2020-09-16 09:05:54 [0;34m[DEBUG ][0m     -> Codebase does NOT have file:[/tmp/lint/.github/linters/.hadolint.yml][0m
[0m2020-09-16 09:05:54 [0;34m[DEBUG ][0m   DOCKERFILE_HADOLINT language rule file has a secondary rules file name to check: .hadolint.yaml[0m
[0m2020-09-16 09:05:54 [0;34m[DEBUG ][0m     -> Codebase does NOT have file:[/tmp/lint/.github/linters/.hadolint.yml], nor file:[/tmp/lint/.github/linters/.hadolint.yaml], using Default rules at:[/action/lib/.automation/.hadolint.yml][0m
[0m2020-09-16 09:05:54 [0;34m[DEBUG ][0m   Getting linter rules for GO...[0m
[0m2020-09-16 09:05:54 [0;34m[DEBUG ][0m   Variable names for language file name: GO_FILE_NAME, language linter rules: GO_LINTER_RULES[0m
[0m2020-09-16 09:05:54 [0;34m[DEBUG ][0m   GO language rule file (.golangci.yml) has .golangci name and yml extension[0m
[0m2020-09-16 09:05:54 [0;34m[DEBUG ][0m     -> Codebase does NOT have file:[/tmp/lint/.github/linters/.golangci.yml][0m
[0m2020-09-16 09:05:54 [0;34m[DEBUG ][0m   GO language rule file has a secondary rules file name to check: .golangci.yaml[0m
[0m2020-09-16 09:05:54 [0;34m[DEBUG ][0m     -> Codebase does NOT have file:[/tmp/lint/.github/linters/.golangci.yml], nor file:[/tmp/lint/.github/linters/.golangci.yaml], using Default rules at:[/action/lib/.automation/.golangci.yml][0m
[0m2020-09-16 09:05:54 [0;34m[DEBUG ][0m   Getting linter rules for GROOVY...[0m
[0m2020-09-16 09:05:54 [0;34m[DEBUG ][0m   Variable names for language file name: GROOVY_FILE_NAME, language linter rules: GROOVY_LINTER_RULES[0m
[0m2020-09-16 09:05:54 [0;34m[DEBUG ][0m   GROOVY language rule file (.groovylintrc.json) has .groovylintrc name and json extension[0m
[0m2020-09-16 09:05:54 [0;34m[DEBUG ][0m     -> Codebase does NOT have file:[/tmp/lint/.github/linters/.groovylintrc.json][0m
[0m2020-09-16 09:05:54 [0;34m[DEBUG ][0m     -> Codebase does NOT have file:[/tmp/lint/.github/linters/.groovylintrc.json], nor file:[/tmp/lint/.github/linters/], using Default rules at:[/action/lib/.automation/.groovylintrc.json][0m
[0m2020-09-16 09:05:54 [0;34m[DEBUG ][0m   Getting linter rules for HTML...[0m
[0m2020-09-16 09:05:54 [0;34m[DEBUG ][0m   Variable names for language file name: HTML_FILE_NAME, language linter rules: HTML_LINTER_RULES[0m
[0m2020-09-16 09:05:54 [0;34m[DEBUG ][0m   HTML language rule file (.htmlhintrc) has .htmlhintrc name and htmlhintrc extension[0m
[0m2020-09-16 09:05:54 [0;34m[DEBUG ][0m     -> Codebase does NOT have file:[/tmp/lint/.github/linters/.htmlhintrc][0m
[0m2020-09-16 09:05:54 [0;34m[DEBUG ][0m     -> Codebase does NOT have file:[/tmp/lint/.github/linters/.htmlhintrc], nor file:[/tmp/lint/.github/linters/], using Default rules at:[/action/lib/.automation/.htmlhintrc][0m
[0m2020-09-16 09:05:54 [0;34m[DEBUG ][0m   Getting linter rules for JAVA...[0m
[0m2020-09-16 09:05:54 [0;34m[DEBUG ][0m   Variable names for language file name: JAVA_FILE_NAME, language linter rules: JAVA_LINTER_RULES[0m
[0m2020-09-16 09:05:54 [0;34m[DEBUG ][0m   JAVA language rule file (sun_checks.xml) has sun_checks name and xml extension[0m
[0m2020-09-16 09:05:54 [0;34m[DEBUG ][0m     -> Codebase does NOT have file:[/tmp/lint/.github/linters/sun_checks.xml][0m
[0m2020-09-16 09:05:54 [0;34m[DEBUG ][0m     -> Codebase does NOT have file:[/tmp/lint/.github/linters/sun_checks.xml], nor file:[/tmp/lint/.github/linters/], using Default rules at:[/action/lib/.automation/sun_checks.xml][0m
[0m2020-09-16 09:05:54 [0;34m[DEBUG ][0m   Getting linter rules for JAVASCRIPT...[0m
[0m2020-09-16 09:05:54 [0;34m[DEBUG ][0m   Variable names for language file name: JAVASCRIPT_FILE_NAME, language linter rules: JAVASCRIPT_LINTER_RULES[0m
[0m2020-09-16 09:05:54 [0;34m[DEBUG ][0m   JAVASCRIPT language rule file (.eslintrc.yml) has .eslintrc name and yml extension[0m
[0m2020-09-16 09:05:54 [0;34m[DEBUG ][0m     -> Codebase does NOT have file:[/tmp/lint/.github/linters/.eslintrc.yml][0m
[0m2020-09-16 09:05:54 [0;34m[DEBUG ][0m   JAVASCRIPT language rule file has a secondary rules file name to check: .eslintrc.yaml[0m
[0m2020-09-16 09:05:54 [0;34m[DEBUG ][0m     -> Codebase does NOT have file:[/tmp/lint/.github/linters/.eslintrc.yml], nor file:[/tmp/lint/.github/linters/.eslintrc.yaml], using Default rules at:[/action/lib/.automation/.eslintrc.yml][0m
[0m2020-09-16 09:05:54 [0;34m[DEBUG ][0m   Getting linter rules for LATEX...[0m
[0m2020-09-16 09:05:54 [0;34m[DEBUG ][0m   Variable names for language file name: LATEX_FILE_NAME, language linter rules: LATEX_LINTER_RULES[0m
[0m2020-09-16 09:05:54 [0;34m[DEBUG ][0m   LATEX language rule file (.chktexrc) has .chktexrc name and chktexrc extension[0m
[0m2020-09-16 09:05:54 [0;34m[DEBUG ][0m     -> Codebase does NOT have file:[/tmp/lint/.github/linters/.chktexrc][0m
[0m2020-09-16 09:05:54 [0;34m[DEBUG ][0m     -> Codebase does NOT have file:[/tmp/lint/.github/linters/.chktexrc], nor file:[/tmp/lint/.github/linters/], using Default rules at:[/action/lib/.automation/.chktexrc][0m
[0m2020-09-16 09:05:54 [0;34m[DEBUG ][0m   Getting linter rules for LUA...[0m
[0m2020-09-16 09:05:54 [0;34m[DEBUG ][0m   Variable names for language file name: LUA_FILE_NAME, language linter rules: LUA_LINTER_RULES[0m
[0m2020-09-16 09:05:54 [0;34m[DEBUG ][0m   LUA language rule file (.luacheckrc) has .luacheckrc name and luacheckrc extension[0m
[0m2020-09-16 09:05:54 [0;34m[DEBUG ][0m     -> Codebase does NOT have file:[/tmp/lint/.github/linters/.luacheckrc][0m
[0m2020-09-16 09:05:54 [0;34m[DEBUG ][0m     -> Codebase does NOT have file:[/tmp/lint/.github/linters/.luacheckrc], nor file:[/tmp/lint/.github/linters/], using Default rules at:[/action/lib/.automation/.luacheckrc][0m
[0m2020-09-16 09:05:54 [0;34m[DEBUG ][0m   Getting linter rules for MARKDOWN...[0m
[0m2020-09-16 09:05:54 [0;34m[DEBUG ][0m   Variable names for language file name: MARKDOWN_FILE_NAME, language linter rules: MARKDOWN_LINTER_RULES[0m
[0m2020-09-16 09:05:54 [0;34m[DEBUG ][0m   MARKDOWN language rule file (.markdown-lint.yml) has .markdown-lint name and yml extension[0m
[0m2020-09-16 09:05:54 [0;34m[DEBUG ][0m     -> Codebase does NOT have file:[/tmp/lint/.github/linters/.markdown-lint.yml][0m
[0m2020-09-16 09:05:54 [0;34m[DEBUG ][0m   MARKDOWN language rule file has a secondary rules file name to check: .markdown-lint.yaml[0m
[0m2020-09-16 09:05:54 [0;34m[DEBUG ][0m     -> Codebase does NOT have file:[/tmp/lint/.github/linters/.markdown-lint.yml], nor file:[/tmp/lint/.github/linters/.markdown-lint.yaml], using Default rules at:[/action/lib/.automation/.markdown-lint.yml][0m
[0m2020-09-16 09:05:54 [0;34m[DEBUG ][0m   Getting linter rules for PHP_PHPCS...[0m
[0m2020-09-16 09:05:54 [0;34m[DEBUG ][0m   Variable names for language file name: PHP_PHPCS_FILE_NAME, language linter rules: PHP_PHPCS_LINTER_RULES[0m
[0m2020-09-16 09:05:54 [0;34m[DEBUG ][0m   PHP_PHPCS language rule file (phpcs.xml) has phpcs name and xml extension[0m
[0m2020-09-16 09:05:54 [0;34m[DEBUG ][0m     -> Codebase does NOT have file:[/tmp/lint/.github/linters/phpcs.xml][0m
[0m2020-09-16 09:05:54 [0;34m[DEBUG ][0m     -> Codebase does NOT have file:[/tmp/lint/.github/linters/phpcs.xml], nor file:[/tmp/lint/.github/linters/], using Default rules at:[/action/lib/.automation/phpcs.xml][0m
[0m2020-09-16 09:05:54 [0;34m[DEBUG ][0m   Getting linter rules for PHP_PHPSTAN...[0m
[0m2020-09-16 09:05:54 [0;34m[DEBUG ][0m   Variable names for language file name: PHP_PHPSTAN_FILE_NAME, language linter rules: PHP_PHPSTAN_LINTER_RULES[0m
[0m2020-09-16 09:05:54 [0;34m[DEBUG ][0m   PHP_PHPSTAN language rule file (phpstan.neon) has phpstan name and neon extension[0m
[0m2020-09-16 09:05:54 [0;34m[DEBUG ][0m     -> Codebase does NOT have file:[/tmp/lint/.github/linters/phpstan.neon][0m
[0m2020-09-16 09:05:54 [0;34m[DEBUG ][0m     -> Codebase does NOT have file:[/tmp/lint/.github/linters/phpstan.neon], nor file:[/tmp/lint/.github/linters/], using Default rules at:[/action/lib/.automation/phpstan.neon][0m
[0m2020-09-16 09:05:54 [0;34m[DEBUG ][0m   Getting linter rules for PHP_PSALM...[0m
[0m2020-09-16 09:05:54 [0;34m[DEBUG ][0m   Variable names for language file name: PHP_PSALM_FILE_NAME, language linter rules: PHP_PSALM_LINTER_RULES[0m
[0m2020-09-16 09:05:54 [0;34m[DEBUG ][0m   PHP_PSALM language rule file (psalm.xml) has psalm name and xml extension[0m
[0m2020-09-16 09:05:54 [0;34m[DEBUG ][0m     -> Codebase does NOT have file:[/tmp/lint/.github/linters/psalm.xml][0m
[0m2020-09-16 09:05:54 [0;34m[DEBUG ][0m     -> Codebase does NOT have file:[/tmp/lint/.github/linters/psalm.xml], nor file:[/tmp/lint/.github/linters/], using Default rules at:[/action/lib/.automation/psalm.xml][0m
[0m2020-09-16 09:05:54 [0;34m[DEBUG ][0m   Getting linter rules for POWERSHELL...[0m
[0m2020-09-16 09:05:54 [0;34m[DEBUG ][0m   Variable names for language file name: POWERSHELL_FILE_NAME, language linter rules: POWERSHELL_LINTER_RULES[0m
[0m2020-09-16 09:05:54 [0;34m[DEBUG ][0m   POWERSHELL language rule file (.powershell-psscriptanalyzer.psd1) has .powershell-psscriptanalyzer name and psd1 extension[0m
[0m2020-09-16 09:05:54 [0;34m[DEBUG ][0m     -> Codebase does NOT have file:[/tmp/lint/.github/linters/.powershell-psscriptanalyzer.psd1][0m
[0m2020-09-16 09:05:54 [0;34m[DEBUG ][0m     -> Codebase does NOT have file:[/tmp/lint/.github/linters/.powershell-psscriptanalyzer.psd1], nor file:[/tmp/lint/.github/linters/], using Default rules at:[/action/lib/.automation/.powershell-psscriptanalyzer.psd1][0m
[0m2020-09-16 09:05:54 [0;34m[DEBUG ][0m   Getting linter rules for PYTHON_PYLINT...[0m
[0m2020-09-16 09:05:54 [0;34m[DEBUG ][0m   Variable names for language file name: PYTHON_PYLINT_FILE_NAME, language linter rules: PYTHON_PYLINT_LINTER_RULES[0m
[0m2020-09-16 09:05:54 [0;34m[DEBUG ][0m   PYTHON_PYLINT language rule file (.python-lint) has .python-lint name and python-lint extension[0m
[0m2020-09-16 09:05:54 [0;34m[DEBUG ][0m     -> Codebase does NOT have file:[/tmp/lint/.github/linters/.python-lint][0m
[0m2020-09-16 09:05:54 [0;34m[DEBUG ][0m     -> Codebase does NOT have file:[/tmp/lint/.github/linters/.python-lint], nor file:[/tmp/lint/.github/linters/], using Default rules at:[/action/lib/.automation/.python-lint][0m
[0m2020-09-16 09:05:54 [0;34m[DEBUG ][0m   Getting linter rules for PYTHON_FLAKE8...[0m
[0m2020-09-16 09:05:54 [0;34m[DEBUG ][0m   Variable names for language file name: PYTHON_FLAKE8_FILE_NAME, language linter rules: PYTHON_FLAKE8_LINTER_RULES[0m
[0m2020-09-16 09:05:54 [0;34m[DEBUG ][0m   PYTHON_FLAKE8 language rule file (.flake8) has .flake8 name and flake8 extension[0m
[0m2020-09-16 09:05:54 [0;34m[DEBUG ][0m     -> Codebase does NOT have file:[/tmp/lint/.github/linters/.flake8][0m
[0m2020-09-16 09:05:54 [0;34m[DEBUG ][0m     -> Codebase does NOT have file:[/tmp/lint/.github/linters/.flake8], nor file:[/tmp/lint/.github/linters/], using Default rules at:[/action/lib/.automation/.flake8][0m
[0m2020-09-16 09:05:54 [0;34m[DEBUG ][0m   Getting linter rules for PYTHON_BLACK...[0m
[0m2020-09-16 09:05:54 [0;34m[DEBUG ][0m   Variable names for language file name: PYTHON_BLACK_FILE_NAME, language linter rules: PYTHON_BLACK_LINTER_RULES[0m
[0m2020-09-16 09:05:54 [0;34m[DEBUG ][0m   PYTHON_BLACK language rule file (.python-black) has .python-black name and python-black extension[0m
[0m2020-09-16 09:05:54 [0;34m[DEBUG ][0m     -> Codebase does NOT have file:[/tmp/lint/.github/linters/.python-black][0m
[0m2020-09-16 09:05:54 [0;34m[DEBUG ][0m     -> Codebase does NOT have file:[/tmp/lint/.github/linters/.python-black], nor file:[/tmp/lint/.github/linters/], using Default rules at:[/action/lib/.automation/.python-black][0m
[0m2020-09-16 09:05:54 [0;34m[DEBUG ][0m   Getting linter rules for R...[0m
[0m2020-09-16 09:05:54 [0;34m[DEBUG ][0m   Variable names for language file name: R_FILE_NAME, language linter rules: R_LINTER_RULES[0m
[0m2020-09-16 09:05:54 [0;34m[DEBUG ][0m   R language rule file (.lintr) has .lintr name and lintr extension[0m
[0m2020-09-16 09:05:54 [0;34m[DEBUG ][0m     -> Codebase does NOT have file:[/tmp/lint/.github/linters/.lintr][0m
[0m2020-09-16 09:05:54 [0;34m[DEBUG ][0m     -> Codebase does NOT have file:[/tmp/lint/.github/linters/.lintr], nor file:[/tmp/lint/.github/linters/], using Default rules at:[/action/lib/.automation/.lintr][0m
[0m2020-09-16 09:05:54 [0;34m[DEBUG ][0m   Getting linter rules for RUBY...[0m
[0m2020-09-16 09:05:54 [0;34m[DEBUG ][0m   Variable names for language file name: RUBY_FILE_NAME, language linter rules: RUBY_LINTER_RULES[0m
[0m2020-09-16 09:05:54 [0;34m[DEBUG ][0m   RUBY language rule file (.ruby-lint.yml) has .ruby-lint name and yml extension[0m
[0m2020-09-16 09:05:54 [0;34m[DEBUG ][0m     -> Codebase does NOT have file:[/tmp/lint/.github/linters/.ruby-lint.yml][0m
[0m2020-09-16 09:05:54 [0;34m[DEBUG ][0m   RUBY language rule file has a secondary rules file name to check: .ruby-lint.yaml[0m
[0m2020-09-16 09:05:54 [0;34m[DEBUG ][0m     -> Codebase does NOT have file:[/tmp/lint/.github/linters/.ruby-lint.yml], nor file:[/tmp/lint/.github/linters/.ruby-lint.yaml], using Default rules at:[/action/lib/.automation/.ruby-lint.yml][0m
[0m2020-09-16 09:05:54 [0;34m[DEBUG ][0m   Getting linter rules for SQL...[0m
[0m2020-09-16 09:05:54 [0;34m[DEBUG ][0m   Variable names for language file name: SQL_FILE_NAME, language linter rules: SQL_LINTER_RULES[0m
[0m2020-09-16 09:05:54 [0;34m[DEBUG ][0m   SQL language rule file (.sql-config.json) has .sql-config name and json extension[0m
[0m2020-09-16 09:05:54 [0;34m[DEBUG ][0m     -> Codebase does NOT have file:[/tmp/lint/.github/linters/.sql-config.json][0m
[0m2020-09-16 09:05:54 [0;34m[DEBUG ][0m     -> Codebase does NOT have file:[/tmp/lint/.github/linters/.sql-config.json], nor file:[/tmp/lint/.github/linters/], using Default rules at:[/action/lib/.automation/.sql-config.json][0m
[0m2020-09-16 09:05:54 [0;34m[DEBUG ][0m   Getting linter rules for TERRAFORM...[0m
[0m2020-09-16 09:05:54 [0;34m[DEBUG ][0m   Variable names for language file name: TERRAFORM_FILE_NAME, language linter rules: TERRAFORM_LINTER_RULES[0m
[0m2020-09-16 09:05:54 [0;34m[DEBUG ][0m   TERRAFORM language rule file (.tflint.hcl) has .tflint name and hcl extension[0m
[0m2020-09-16 09:05:54 [0;34m[DEBUG ][0m     -> Codebase does NOT have file:[/tmp/lint/.github/linters/.tflint.hcl][0m
[0m2020-09-16 09:05:54 [0;34m[DEBUG ][0m     -> Codebase does NOT have file:[/tmp/lint/.github/linters/.tflint.hcl], nor file:[/tmp/lint/.github/linters/], using Default rules at:[/action/lib/.automation/.tflint.hcl][0m
[0m2020-09-16 09:05:54 [0;34m[DEBUG ][0m   Getting linter rules for TYPESCRIPT...[0m
[0m2020-09-16 09:05:54 [0;34m[DEBUG ][0m   Variable names for language file name: TYPESCRIPT_FILE_NAME, language linter rules: TYPESCRIPT_LINTER_RULES[0m
[0m2020-09-16 09:05:54 [0;34m[DEBUG ][0m   TYPESCRIPT language rule file (.eslintrc.yml) has .eslintrc name and yml extension[0m
[0m2020-09-16 09:05:54 [0;34m[DEBUG ][0m     -> Codebase does NOT have file:[/tmp/lint/.github/linters/.eslintrc.yml][0m
[0m2020-09-16 09:05:54 [0;34m[DEBUG ][0m   TYPESCRIPT language rule file has a secondary rules file name to check: .eslintrc.yaml[0m
[0m2020-09-16 09:05:54 [0;34m[DEBUG ][0m     -> Codebase does NOT have file:[/tmp/lint/.github/linters/.eslintrc.yml], nor file:[/tmp/lint/.github/linters/.eslintrc.yaml], using Default rules at:[/action/lib/.automation/.eslintrc.yml][0m
[0m2020-09-16 09:05:54 [0;34m[DEBUG ][0m   Getting linter rules for YAML...[0m
[0m2020-09-16 09:05:54 [0;34m[DEBUG ][0m   Variable names for language file name: YAML_FILE_NAME, language linter rules: YAML_LINTER_RULES[0m
[0m2020-09-16 09:05:54 [0;34m[DEBUG ][0m   YAML language rule file (.yaml-lint.yml) has .yaml-lint name and yml extension[0m
[0m2020-09-16 09:05:54 [0;34m[DEBUG ][0m     -> Codebase does NOT have file:[/tmp/lint/.github/linters/.yaml-lint.yml][0m
[0m2020-09-16 09:05:54 [0;34m[DEBUG ][0m   YAML language rule file has a secondary rules file name to check: .yaml-lint.yaml[0m
[0m2020-09-16 09:05:54 [0;34m[DEBUG ][0m     -> Codebase does NOT have file:[/tmp/lint/.github/linters/.yaml-lint.yml], nor file:[/tmp/lint/.github/linters/.yaml-lint.yaml], using Default rules at:[/action/lib/.automation/.yaml-lint.yml][0m
[0m2020-09-16 09:05:54 [0;34m[DEBUG ][0m   ---------------------------------------------[0m
[0m2020-09-16 09:05:54 [0;34m[DEBUG ][0m   Linter Version Info:[0m
[0m2020-09-16 09:05:54 [0;34m[DEBUG ][0m   ansible-lint: ansible-lint 4.2.0
arm-ttk: ModuleVersion = 0.3
asl-validator: 1.7.1
bash-exec: --version not supported
black: black, version 20.8b1
cfn-lint: cfn-lint 0.35.1
checkstyle: /action/lib/linterVersions.sh: line 67: java -jar /usr/bin/checkstyle: No such file or directory
chktex: ChkTeX v1.7.6 - Copyright 1995-96 Jens T. Berger Thielemann. Compiled with POSIX extended regex support.
clj-kondo: clj-kondo v2020.09.09
coffeelint: 4.0.0
dotnet-format: 4.1.131201+82a5527cd93d66bffc885c0bb901499f5981db35
dart: Dart VM version: 2.8.4 (stable) (Wed Jun 3 12:26:04 2020 +0200) on "linux_x64"
dockerfilelint: 1.8.0
dotenv-linter: dotenv-linter 2.1.0
editorconfig-checker: --version not supported
eslint: v7.9.0
flake8: 3.8.3 (mccabe: 0.6.1, pycodestyle: 2.6.0, pyflakes: 2.2.0) CPython 3.8.5 on Linux
golangci-lint: golangci-lint has version 1.31.0 built from 3d6d0e7 on 2020-09-07T15:14:41Z
hadolint: Haskell Dockerfile Linter v1.18.0-6-ga0d655d
htmlhint: 0.14.1
jsonlint: 1.6.3
ktlint: 0.39.0
lintr: lintr 2.0.1 on R version 3.6.3 (2020-02-29)
lua: Lua 5.3.5  Copyright (C) 1994-2018 Lua.org, PUC-Rio
markdownlint: 0.23.2
npm-groovy-lint: GroovyLint: Started CodeNarc Server GroovyLint: Successfully processed CodeNarc:  CodeNarc version 1.6.1  npm-groovy-lint version 7.6.3  Embeds: CodeNarc version 1.6.1 - Groovy version 3.0.5 (superlite)
perl:  This is perl 5, version 30, subversion 3 (v5.30.3) built for x86_64-linux-thread-multi  Copyright 1987-2020, Larry Wall  Perl may be copied only under the terms of either the Artistic License or the GNU General Public License, which may be found in the Perl 5 source kit.  Complete documentation for Perl, including FAQ lists, should be found on this system using "man perl" or "perldoc perl".  If you have access to the Internet, point your browser at http://www.perl.org/, the Perl Home Page. 
protolint: --version not supported
pwsh: PowerShell 7.0.3
pylint: pylint 2.6.0 astroid 2.4.2 Python 3.8.5 (default, Aug  4 2020, 04:11:56)  [GCC 9.3.0]
raku: This is Rakudo version 2020.08.2 built on MoarVM version 2020.08 implementing Raku 6.d.
rubocop: 0.82.0
shellcheck: ShellCheck - shell script analysis tool version: 0.7.1 license: GNU General Public License, version 3 website: https://www.shellcheck.net
shfmt: v3.1.2
spectral: 5.5.0
standard: 14.3.4
stylelint: 13.7.1
sql-lint: 0.0.15
terrascan: version: v1.1.0
tflint: TFLint version 0.20.1
xmllint: xmllint: using libxml version 20910    compiled with: Threads Tree Output Push Reader Patterns Writer SAXv1 FTP HTTP DTDValid HTML Legacy C14N Catalog XPath XPointer XInclude Iconv ISO8859X Unicode Regexps Automata Schemas Schematron Modules Debug Zlib Lzma 
yamllint: yamllint 1.24.2[0m
[0m2020-09-16 09:05:54 [0;34m[DEBUG ][0m   ---------------------------------------------[0m
[0m2020-09-16 09:05:54 [0;34m[DEBUG ][0m   Successfully found binary in system[0m
[0m2020-09-16 09:05:54 [0;34m[DEBUG ][0m   Location:[/usr/bin/ansible-lint][0m
[0m2020-09-16 09:05:54 [0;33m[WARN  ][0m   No Ansible base directory found at:[/ansible][0m
[0m2020-09-16 09:05:54 [0;34m[DEBUG ][0m   skipping ansible lint[0m
[0m2020-09-16 09:05:55 [0;34m[DEBUG ][0m   Successfully found binary for [0;37m[arm-ttk][0;34m in system location: [0;37m[/usr/bin/arm-ttk][0m
[0m2020-09-16 09:05:55 [0;34m[INFO  ][0m   [0m
[0m2020-09-16 09:05:55 [0;34m[INFO  ][0m   ----------------------------------------------[0m
[0m2020-09-16 09:05:55 [0;34m[INFO  ][0m   ----------------------------------------------[0m
[0m2020-09-16 09:05:55 [0;34m[INFO  ][0m   Linting [ARM] files...[0m
[0m2020-09-16 09:05:55 [0;34m[INFO  ][0m   ----------------------------------------------[0m
[0m2020-09-16 09:05:55 [0;34m[INFO  ][0m   ----------------------------------------------[0m
[0m2020-09-16 09:05:55 [0;34m[DEBUG ][0m   Successfully found binary for [0;37m[shellcheck][0;34m in system location: [0;37m[/usr/bin/shellcheck][0m
[0m2020-09-16 09:05:55 [0;34m[DEBUG ][0m   Populating shell script file list. Source: /tmp/lint[0m
[0m2020-09-16 09:05:55 [0;34m[TRACE ][0m   File:[/tmp/lint/requirements.txt], File extension:[txt], File type: [/tmp/lint/requirements.txt: ASCII text, with no line terminators][0m
[0m2020-09-16 09:05:55 [0;34m[TRACE ][0m   /tmp/lint/requirements.txt is NOT a supported shell script. Skipping[0m
[0m2020-09-16 09:05:55 [0;34m[TRACE ][0m   File:[/tmp/lint/Dockerfile], File extension:[/tmp/lint/dockerfile], File type: [/tmp/lint/Dockerfile: ASCII text][0m
[0m2020-09-16 09:05:55 [0;34m[TRACE ][0m   /tmp/lint/Dockerfile is NOT a supported shell script. Skipping[0m
[0m2020-09-16 09:05:55 [0;34m[TRACE ][0m   File:[/tmp/lint/README.md], File extension:[md], File type: [/tmp/lint/README.md: ASCII text][0m
[0m2020-09-16 09:05:55 [0;34m[TRACE ][0m   /tmp/lint/README.md is NOT a supported shell script. Skipping[0m
[0m2020-09-16 09:05:55 [0;34m[TRACE ][0m   File:[/tmp/lint/.github/workflows/ci.yaml], File extension:[yaml], File type: [/tmp/lint/.github/workflows/ci.yaml: ASCII text][0m
[0m2020-09-16 09:05:55 [0;34m[TRACE ][0m   /tmp/lint/.github/workflows/ci.yaml is NOT a supported shell script. Skipping[0m
[0m2020-09-16 09:05:55 [0;34m[TRACE ][0m   File:[/tmp/lint/.github/docker-env.sh], File extension:[sh], File type: [/tmp/lint/.github/docker-env.sh: Bourne-Again shell script, ASCII text executable][0m
[0m2020-09-16 09:05:55 [0;34m[DEBUG ][0m   /tmp/lint/.github/docker-env.sh is a valid shell script (has a valid extension: sh)[0m
[0m2020-09-16 09:05:55 [0;34m[DEBUG ][0m   Adding /tmp/lint/.github/docker-env.sh to shell script files list[0m
[0m2020-09-16 09:05:55 [0;34m[TRACE ][0m   File:[/tmp/lint/app.py], File extension:[py], File type: [/tmp/lint/app.py: Python script, ASCII text executable][0m
[0m2020-09-16 09:05:55 [0;34m[TRACE ][0m   /tmp/lint/app.py is NOT a supported shell script. Skipping[0m
[0m2020-09-16 09:05:55 [0;34m[TRACE ][0m   File:[/tmp/lint/.git], File extension:[git], File type: [/tmp/lint/.git: directory][0m
[0m2020-09-16 09:05:55 [0;34m[TRACE ][0m   /tmp/lint/.git is NOT a supported shell script. Skipping[0m
[0m2020-09-16 09:05:55 [0;34m[INFO  ][0m   [0m
[0m2020-09-16 09:05:55 [0;34m[INFO  ][0m   ----------------------------------------------[0m
[0m2020-09-16 09:05:55 [0;34m[INFO  ][0m   ----------------------------------------------[0m
[0m2020-09-16 09:05:55 [0;34m[INFO  ][0m   Linting [BASH] files...[0m
[0m2020-09-16 09:05:55 [0;34m[INFO  ][0m   ----------------------------------------------[0m
[0m2020-09-16 09:05:55 [0;34m[INFO  ][0m   ----------------------------------------------[0m
[0m2020-09-16 09:05:55 [0;34m[TRACE ][0m   File:[/tmp/lint/requirements.txt], File extension:[txt], File type: [/tmp/lint/requirements.txt: ASCII text, with no line terminators][0m
[0m2020-09-16 09:05:55 [0;34m[TRACE ][0m   /tmp/lint/requirements.txt is NOT a supported shell script. Skipping[0m
[0m2020-09-16 09:05:55 [0;34m[TRACE ][0m   File:[/tmp/lint/Dockerfile], File extension:[/tmp/lint/dockerfile], File type: [/tmp/lint/Dockerfile: ASCII text][0m
[0m2020-09-16 09:05:55 [0;34m[TRACE ][0m   /tmp/lint/Dockerfile is NOT a supported shell script. Skipping[0m
[0m2020-09-16 09:05:55 [0;34m[TRACE ][0m   File:[/tmp/lint/README.md], File extension:[md], File type: [/tmp/lint/README.md: ASCII text][0m
[0m2020-09-16 09:05:55 [0;34m[TRACE ][0m   /tmp/lint/README.md is NOT a supported shell script. Skipping[0m
[0m2020-09-16 09:05:55 [0;34m[TRACE ][0m   File:[/tmp/lint/.github/workflows/ci.yaml], File extension:[yaml], File type: [/tmp/lint/.github/workflows/ci.yaml: ASCII text][0m
[0m2020-09-16 09:05:55 [0;34m[TRACE ][0m   /tmp/lint/.github/workflows/ci.yaml is NOT a supported shell script. Skipping[0m
[0m2020-09-16 09:05:55 [0;34m[TRACE ][0m   File:[/tmp/lint/.github/docker-env.sh], File extension:[sh], File type: [/tmp/lint/.github/docker-env.sh: Bourne-Again shell script, ASCII text executable][0m
[0m2020-09-16 09:05:55 [0;34m[DEBUG ][0m   /tmp/lint/.github/docker-env.sh is a valid shell script (has a valid extension: sh)[0m
[0m2020-09-16 09:05:55 [0;34m[INFO  ][0m   ---------------------------[0m
[0m2020-09-16 09:05:55 [0;34m[INFO  ][0m   File:[/tmp/lint/.github/docker-env.sh][0m
[0m2020-09-16 09:05:55 [0;34m[INFO  ][0m    - File:[0;37m[docker-env.sh][0;34m was linted with [0;37m[shellcheck][0;34m successfully[0m
[0m2020-09-16 09:05:55 [0;34m[TRACE ][0m   File:[/tmp/lint/app.py], File extension:[py], File type: [/tmp/lint/app.py: Python script, ASCII text executable][0m
[0m2020-09-16 09:05:55 [0;34m[TRACE ][0m   /tmp/lint/app.py is NOT a supported shell script. Skipping[0m
[0m2020-09-16 09:05:55 [0;34m[DEBUG ][0m   Successfully found binary for [0;37m[bash-exec][0;34m in system location: [0;37m[/usr/bin/bash-exec][0m
[0m2020-09-16 09:05:55 [0;34m[INFO  ][0m   [0m
[0m2020-09-16 09:05:55 [0;34m[INFO  ][0m   ----------------------------------------------[0m
[0m2020-09-16 09:05:55 [0;34m[INFO  ][0m   ----------------------------------------------[0m
[0m2020-09-16 09:05:55 [0;34m[INFO  ][0m   Linting [BASH_EXEC] files...[0m
[0m2020-09-16 09:05:55 [0;34m[INFO  ][0m   ----------------------------------------------[0m
[0m2020-09-16 09:05:55 [0;34m[INFO  ][0m   ----------------------------------------------[0m
[0m2020-09-16 09:05:55 [0;34m[TRACE ][0m   File:[/tmp/lint/.github/docker-env.sh], File extension:[sh], File type: [/tmp/lint/.github/docker-env.sh: Bourne-Again shell script, ASCII text executable][0m
[0m2020-09-16 09:05:55 [0;34m[DEBUG ][0m   /tmp/lint/.github/docker-env.sh is a valid shell script (has a valid extension: sh)[0m
[0m2020-09-16 09:05:55 [0;34m[INFO  ][0m   ---------------------------[0m
[0m2020-09-16 09:05:55 [0;34m[INFO  ][0m   File:[/tmp/lint/.github/docker-env.sh][0m
[0m2020-09-16 09:05:55 [0;34m[INFO  ][0m    - File:[0;37m[docker-env.sh][0;34m was linted with [0;37m[bash-exec][0;34m successfully[0m
[0m2020-09-16 09:05:55 [0;34m[DEBUG ][0m   Successfully found binary for [0;37m[cfn-lint][0;34m in system location: [0;37m[/usr/local/bin/cfn-lint][0m
[0m2020-09-16 09:05:55 [0;34m[INFO  ][0m   [0m
[0m2020-09-16 09:05:55 [0;34m[INFO  ][0m   ----------------------------------------------[0m
[0m2020-09-16 09:05:55 [0;34m[INFO  ][0m   ----------------------------------------------[0m
[0m2020-09-16 09:05:55 [0;34m[INFO  ][0m   Linting [CLOUDFORMATION] files...[0m
[0m2020-09-16 09:05:55 [0;34m[INFO  ][0m   ----------------------------------------------[0m
[0m2020-09-16 09:05:55 [0;34m[INFO  ][0m   ----------------------------------------------[0m
[0m2020-09-16 09:05:55 [0;34m[DEBUG ][0m   Successfully found binary for [0;37m[clj-kondo][0;34m in system location: [0;37m[/usr/bin/clj-kondo][0m
[0m2020-09-16 09:05:55 [0;34m[INFO  ][0m   [0m
[0m2020-09-16 09:05:55 [0;34m[INFO  ][0m   ----------------------------------------------[0m
[0m2020-09-16 09:05:55 [0;34m[INFO  ][0m   ----------------------------------------------[0m
[0m2020-09-16 09:05:55 [0;34m[INFO  ][0m   Linting [CLOJURE] files...[0m
[0m2020-09-16 09:05:55 [0;34m[INFO  ][0m   ----------------------------------------------[0m
[0m2020-09-16 09:05:55 [0;34m[INFO  ][0m   ----------------------------------------------[0m
[0m2020-09-16 09:05:55 [0;34m[DEBUG ][0m   Successfully found binary for [0;37m[dotnet-format][0;34m in system location: [0;37m[/root/.dotnet/tools/dotnet-format][0m
[0m2020-09-16 09:05:55 [0;34m[INFO  ][0m   [0m
[0m2020-09-16 09:05:55 [0;34m[INFO  ][0m   ----------------------------------------------[0m
[0m2020-09-16 09:05:55 [0;34m[INFO  ][0m   ----------------------------------------------[0m
[0m2020-09-16 09:05:55 [0;34m[INFO  ][0m   Linting [CSHARP] files...[0m
[0m2020-09-16 09:05:55 [0;34m[INFO  ][0m   ----------------------------------------------[0m
[0m2020-09-16 09:05:55 [0;34m[INFO  ][0m   ----------------------------------------------[0m
[0m2020-09-16 09:05:55 [0;34m[DEBUG ][0m   Successfully found binary for [0;37m[stylelint][0;34m in system location: [0;37m[/node_modules/.bin/stylelint][0m
[0m2020-09-16 09:05:55 [0;34m[INFO  ][0m   [0m
[0m2020-09-16 09:05:55 [0;34m[INFO  ][0m   ----------------------------------------------[0m
[0m2020-09-16 09:05:55 [0;34m[INFO  ][0m   ----------------------------------------------[0m
[0m2020-09-16 09:05:55 [0;34m[INFO  ][0m   Linting [CSS] files...[0m
[0m2020-09-16 09:05:55 [0;34m[INFO  ][0m   ----------------------------------------------[0m
[0m2020-09-16 09:05:55 [0;34m[INFO  ][0m   ----------------------------------------------[0m
[0m2020-09-16 09:05:55 [0;34m[DEBUG ][0m   Successfully found binary for [0;37m[dart][0;34m in system location: [0;37m[/usr/bin/dart][0m
[0m2020-09-16 09:05:55 [0;34m[INFO  ][0m   [0m
[0m2020-09-16 09:05:55 [0;34m[INFO  ][0m   ----------------------------------------------[0m
[0m2020-09-16 09:05:55 [0;34m[INFO  ][0m   ----------------------------------------------[0m
[0m2020-09-16 09:05:55 [0;34m[INFO  ][0m   Linting [DART] files...[0m
[0m2020-09-16 09:05:55 [0;34m[INFO  ][0m   ----------------------------------------------[0m
[0m2020-09-16 09:05:55 [0;34m[INFO  ][0m   ----------------------------------------------[0m
[0m2020-09-16 09:05:55 [0;34m[DEBUG ][0m   Successfully found binary for [0;37m[dockerfilelint][0;34m in system location: [0;37m[/node_modules/.bin/dockerfilelint][0m
[0m2020-09-16 09:05:55 [0;34m[INFO  ][0m   [0m
[0m2020-09-16 09:05:55 [0;34m[INFO  ][0m   ----------------------------------------------[0m
[0m2020-09-16 09:05:55 [0;34m[INFO  ][0m   ----------------------------------------------[0m
[0m2020-09-16 09:05:55 [0;34m[INFO  ][0m   Linting [DOCKERFILE] files...[0m
[0m2020-09-16 09:05:55 [0;34m[INFO  ][0m   ----------------------------------------------[0m
[0m2020-09-16 09:05:55 [0;34m[INFO  ][0m   ----------------------------------------------[0m
[0m2020-09-16 09:05:55 [0;34m[INFO  ][0m   ---------------------------[0m
[0m2020-09-16 09:05:55 [0;34m[INFO  ][0m   File:[/tmp/lint/Dockerfile][0m
[0m2020-09-16 09:05:56 [0;34m[INFO  ][0m    - File:[0;37m[Dockerfile][0;34m was linted with [0;37m[dockerfilelint][0;34m successfully[0m
[0m2020-09-16 09:05:56 [0;34m[DEBUG ][0m   Successfully found binary for [0;37m[hadolint][0;34m in system location: [0;37m[/usr/bin/hadolint][0m
[0m2020-09-16 09:05:56 [0;34m[INFO  ][0m   [0m
[0m2020-09-16 09:05:56 [0;34m[INFO  ][0m   ----------------------------------------------[0m
[0m2020-09-16 09:05:56 [0;34m[INFO  ][0m   ----------------------------------------------[0m
[0m2020-09-16 09:05:56 [0;34m[INFO  ][0m   Linting [DOCKERFILE_HADOLINT] files...[0m
[0m2020-09-16 09:05:56 [0;34m[INFO  ][0m   ----------------------------------------------[0m
[0m2020-09-16 09:05:56 [0;34m[INFO  ][0m   ----------------------------------------------[0m
[0m2020-09-16 09:05:56 [0;34m[INFO  ][0m   ---------------------------[0m
[0m2020-09-16 09:05:56 [0;34m[INFO  ][0m   File:[/tmp/lint/Dockerfile][0m
[0m2020-09-16 09:05:56 [0;34m[INFO  ][0m    - File:[0;37m[Dockerfile][0;34m was linted with [0;37m[hadolint][0;34m successfully[0m
[0m2020-09-16 09:05:56 [0;34m[DEBUG ][0m   Successfully found binary for [0;37m[editorconfig-checker][0;34m in system location: [0;37m[/usr/bin/editorconfig-checker][0m
[0m2020-09-16 09:05:56 [0;34m[INFO  ][0m   [0m
[0m2020-09-16 09:05:56 [0;34m[INFO  ][0m   ----------------------------------------------[0m
[0m2020-09-16 09:05:56 [0;34m[INFO  ][0m   ----------------------------------------------[0m
[0m2020-09-16 09:05:56 [0;34m[INFO  ][0m   Linting [EDITORCONFIG] files...[0m
[0m2020-09-16 09:05:56 [0;34m[INFO  ][0m   ----------------------------------------------[0m
[0m2020-09-16 09:05:56 [0;34m[INFO  ][0m   ----------------------------------------------[0m
[0m2020-09-16 09:05:56 [0;34m[INFO  ][0m   ---------------------------[0m
[0m2020-09-16 09:05:56 [0;34m[INFO  ][0m   File:[/tmp/lint/requirements.txt][0m
[0m2020-09-16 09:05:56 [0;34m[INFO  ][0m    - File:[0;37m[requirements.txt][0;34m was linted with [0;37m[editorconfig-checker][0;34m successfully[0m
[0m2020-09-16 09:05:56 [0;34m[INFO  ][0m   ---------------------------[0m
[0m2020-09-16 09:05:56 [0;34m[INFO  ][0m   File:[/tmp/lint/Dockerfile][0m
[0m2020-09-16 09:05:56 [0;34m[INFO  ][0m    - File:[0;37m[Dockerfile][0;34m was linted with [0;37m[editorconfig-checker][0;34m successfully[0m
[0m2020-09-16 09:05:56 [0;34m[INFO  ][0m   ---------------------------[0m
[0m2020-09-16 09:05:56 [0;34m[INFO  ][0m   File:[/tmp/lint/README.md][0m
[0m2020-09-16 09:05:56 [0;34m[INFO  ][0m    - File:[0;37m[README.md][0;34m was linted with [0;37m[editorconfig-checker][0;34m successfully[0m
[0m2020-09-16 09:05:56 [0;34m[INFO  ][0m   ---------------------------[0m
[0m2020-09-16 09:05:56 [0;34m[INFO  ][0m   File:[/tmp/lint/.github/workflows/ci.yaml][0m
[0m2020-09-16 09:05:56 [0;34m[INFO  ][0m    - File:[0;37m[ci.yaml][0;34m was linted with [0;37m[editorconfig-checker][0;34m successfully[0m
[0m2020-09-16 09:05:56 [0;34m[INFO  ][0m   ---------------------------[0m
[0m2020-09-16 09:05:56 [0;34m[INFO  ][0m   File:[/tmp/lint/.github/docker-env.sh][0m
[0m2020-09-16 09:05:56 [0;34m[INFO  ][0m    - File:[0;37m[docker-env.sh][0;34m was linted with [0;37m[editorconfig-checker][0;34m successfully[0m
[0m2020-09-16 09:05:56 [0;34m[INFO  ][0m   ---------------------------[0m
[0m2020-09-16 09:05:56 [0;34m[INFO  ][0m   File:[/tmp/lint/app.py][0m
[0m2020-09-16 09:05:56 [0;34m[INFO  ][0m    - File:[0;37m[app.py][0;34m was linted with [0;37m[editorconfig-checker][0;34m successfully[0m
[0m2020-09-16 09:05:56 [0;34m[DEBUG ][0m   Successfully found binary for [0;37m[dotenv-linter][0;34m in system location: [0;37m[/usr/bin/dotenv-linter][0m
[0m2020-09-16 09:05:57 [0;34m[INFO  ][0m   [0m
[0m2020-09-16 09:05:57 [0;34m[INFO  ][0m   ----------------------------------------------[0m
[0m2020-09-16 09:05:57 [0;34m[INFO  ][0m   ----------------------------------------------[0m
[0m2020-09-16 09:05:57 [0;34m[INFO  ][0m   Linting [ENV] files...[0m
[0m2020-09-16 09:05:57 [0;34m[INFO  ][0m   ----------------------------------------------[0m
[0m2020-09-16 09:05:57 [0;34m[INFO  ][0m   ----------------------------------------------[0m
[0m2020-09-16 09:05:57 [0;34m[DEBUG ][0m   Successfully found binary for [0;37m[golangci-lint][0;34m in system location: [0;37m[/usr/bin/golangci-lint][0m
[0m2020-09-16 09:05:57 [0;34m[INFO  ][0m   [0m
[0m2020-09-16 09:05:57 [0;34m[INFO  ][0m   ----------------------------------------------[0m
[0m2020-09-16 09:05:57 [0;34m[INFO  ][0m   ----------------------------------------------[0m
[0m2020-09-16 09:05:57 [0;34m[INFO  ][0m   Linting [GO] files...[0m
[0m2020-09-16 09:05:57 [0;34m[INFO  ][0m   ----------------------------------------------[0m
[0m2020-09-16 09:05:57 [0;34m[INFO  ][0m   ----------------------------------------------[0m
[0m2020-09-16 09:05:57 [0;34m[DEBUG ][0m   Successfully found binary for [0;37m[npm-groovy-lint][0;34m in system location: [0;37m[/node_modules/.bin/npm-groovy-lint][0m
[0m2020-09-16 09:05:57 [0;34m[INFO  ][0m   [0m
[0m2020-09-16 09:05:57 [0;34m[INFO  ][0m   ----------------------------------------------[0m
[0m2020-09-16 09:05:57 [0;34m[INFO  ][0m   ----------------------------------------------[0m
[0m2020-09-16 09:05:57 [0;34m[INFO  ][0m   Linting [GROOVY] files...[0m
[0m2020-09-16 09:05:57 [0;34m[INFO  ][0m   ----------------------------------------------[0m
[0m2020-09-16 09:05:57 [0;34m[INFO  ][0m   ----------------------------------------------[0m
[0m2020-09-16 09:05:57 [0;34m[DEBUG ][0m   Successfully found binary for [0;37m[htmlhint][0;34m in system location: [0;37m[/node_modules/.bin/htmlhint][0m
[0m2020-09-16 09:05:57 [0;34m[INFO  ][0m   [0m
[0m2020-09-16 09:05:57 [0;34m[INFO  ][0m   ----------------------------------------------[0m
[0m2020-09-16 09:05:57 [0;34m[INFO  ][0m   ----------------------------------------------[0m
[0m2020-09-16 09:05:57 [0;34m[INFO  ][0m   Linting [HTML] files...[0m
[0m2020-09-16 09:05:57 [0;34m[INFO  ][0m   ----------------------------------------------[0m
[0m2020-09-16 09:05:57 [0;34m[INFO  ][0m   ----------------------------------------------[0m
[0m2020-09-16 09:05:57 [0;34m[DEBUG ][0m   Successfully found binary for [0;37m[checkstyle][0;34m in system location: [0;37m[/usr/bin/checkstyle][0m
[0m2020-09-16 09:05:57 [0;34m[INFO  ][0m   [0m
[0m2020-09-16 09:05:57 [0;34m[INFO  ][0m   ----------------------------------------------[0m
[0m2020-09-16 09:05:57 [0;34m[INFO  ][0m   ----------------------------------------------[0m
[0m2020-09-16 09:05:57 [0;34m[INFO  ][0m   Linting [JAVA] files...[0m
[0m2020-09-16 09:05:57 [0;34m[INFO  ][0m   ----------------------------------------------[0m
[0m2020-09-16 09:05:57 [0;34m[INFO  ][0m   ----------------------------------------------[0m
[0m2020-09-16 09:05:57 [0;34m[DEBUG ][0m   Successfully found binary for [0;37m[eslint][0;34m in system location: [0;37m[/node_modules/.bin/eslint][0m
[0m2020-09-16 09:05:57 [0;34m[INFO  ][0m   [0m
[0m2020-09-16 09:05:57 [0;34m[INFO  ][0m   ----------------------------------------------[0m
[0m2020-09-16 09:05:57 [0;34m[INFO  ][0m   ----------------------------------------------[0m
[0m2020-09-16 09:05:57 [0;34m[INFO  ][0m   Linting [JAVASCRIPT_ES] files...[0m
[0m2020-09-16 09:05:57 [0;34m[INFO  ][0m   ----------------------------------------------[0m
[0m2020-09-16 09:05:57 [0;34m[INFO  ][0m   ----------------------------------------------[0m
[0m2020-09-16 09:05:57 [0;34m[DEBUG ][0m   ENV:[browser][0m
[0m2020-09-16 09:05:57 [0;34m[DEBUG ][0m   ENV:[es6][0m
[0m2020-09-16 09:05:57 [0;34m[DEBUG ][0m   ENV:[jest][0m
[0m2020-09-16 09:05:57 [0;34m[DEBUG ][0m   Successfully found binary for [0;37m[standard][0;34m in system location: [0;37m[/node_modules/.bin/standard][0m
[0m2020-09-16 09:05:57 [0;34m[INFO  ][0m   [0m
[0m2020-09-16 09:05:57 [0;34m[INFO  ][0m   ----------------------------------------------[0m
[0m2020-09-16 09:05:57 [0;34m[INFO  ][0m   ----------------------------------------------[0m
[0m2020-09-16 09:05:57 [0;34m[INFO  ][0m   Linting [JAVASCRIPT_STANDARD] files...[0m
[0m2020-09-16 09:05:57 [0;34m[INFO  ][0m   ----------------------------------------------[0m
[0m2020-09-16 09:05:57 [0;34m[INFO  ][0m   ----------------------------------------------[0m
[0m2020-09-16 09:05:57 [0;34m[DEBUG ][0m   Successfully found binary for [0;37m[jsonlint][0;34m in system location: [0;37m[/node_modules/.bin/jsonlint][0m
[0m2020-09-16 09:05:57 [0;34m[INFO  ][0m   [0m
[0m2020-09-16 09:05:57 [0;34m[INFO  ][0m   ----------------------------------------------[0m
[0m2020-09-16 09:05:57 [0;34m[INFO  ][0m   ----------------------------------------------[0m
[0m2020-09-16 09:05:57 [0;34m[INFO  ][0m   Linting [JSON] files...[0m
[0m2020-09-16 09:05:57 [0;34m[INFO  ][0m   ----------------------------------------------[0m
[0m2020-09-16 09:05:57 [0;34m[INFO  ][0m   ----------------------------------------------[0m
[0m2020-09-16 09:05:57 [0;34m[DEBUG ][0m   Successfully found binary for [0;37m[eslint][0;34m in system location: [0;37m[/node_modules/.bin/eslint][0m
[0m2020-09-16 09:05:57 [0;34m[INFO  ][0m   [0m
[0m2020-09-16 09:05:57 [0;34m[INFO  ][0m   ----------------------------------------------[0m
[0m2020-09-16 09:05:57 [0;34m[INFO  ][0m   ----------------------------------------------[0m
[0m2020-09-16 09:05:57 [0;34m[INFO  ][0m   Linting [JSX] files...[0m
[0m2020-09-16 09:05:57 [0;34m[INFO  ][0m   ----------------------------------------------[0m
[0m2020-09-16 09:05:57 [0;34m[INFO  ][0m   ----------------------------------------------[0m
[0m2020-09-16 09:05:57 [0;34m[DEBUG ][0m   Successfully found binary for [0;37m[ktlint][0;34m in system location: [0;37m[/usr/bin/ktlint][0m
[0m2020-09-16 09:05:57 [0;34m[INFO  ][0m   [0m
[0m2020-09-16 09:05:57 [0;34m[INFO  ][0m   ----------------------------------------------[0m
[0m2020-09-16 09:05:57 [0;34m[INFO  ][0m   ----------------------------------------------[0m
[0m2020-09-16 09:05:57 [0;34m[INFO  ][0m   Linting [KOTLIN] files...[0m
[0m2020-09-16 09:05:57 [0;34m[INFO  ][0m   ----------------------------------------------[0m
[0m2020-09-16 09:05:57 [0;34m[INFO  ][0m   ----------------------------------------------[0m
[0m2020-09-16 09:05:57 [0;34m[DEBUG ][0m   Successfully found binary for [0;37m[chktex][0;34m in system location: [0;37m[/usr/bin/chktex][0m
[0m2020-09-16 09:05:57 [0;34m[INFO  ][0m   [0m
[0m2020-09-16 09:05:57 [0;34m[INFO  ][0m   ----------------------------------------------[0m
[0m2020-09-16 09:05:57 [0;34m[INFO  ][0m   ----------------------------------------------[0m
[0m2020-09-16 09:05:57 [0;34m[INFO  ][0m   Linting [LATEX] files...[0m
[0m2020-09-16 09:05:57 [0;34m[INFO  ][0m   ----------------------------------------------[0m
[0m2020-09-16 09:05:57 [0;34m[INFO  ][0m   ----------------------------------------------[0m
[0m2020-09-16 09:05:57 [0;34m[DEBUG ][0m   Successfully found binary for [0;37m[lua][0;34m in system location: [0;37m[/usr/local/bin/lua][0m
[0m2020-09-16 09:05:57 [0;34m[INFO  ][0m   [0m
[0m2020-09-16 09:05:57 [0;34m[INFO  ][0m   ----------------------------------------------[0m
[0m2020-09-16 09:05:57 [0;34m[INFO  ][0m   ----------------------------------------------[0m
[0m2020-09-16 09:05:57 [0;34m[INFO  ][0m   Linting [LUA] files...[0m
[0m2020-09-16 09:05:57 [0;34m[INFO  ][0m   ----------------------------------------------[0m
[0m2020-09-16 09:05:57 [0;34m[INFO  ][0m   ----------------------------------------------[0m
[0m2020-09-16 09:05:57 [0;34m[DEBUG ][0m   Successfully found binary for [0;37m[markdownlint][0;34m in system location: [0;37m[/node_modules/.bin/markdownlint][0m
[0m2020-09-16 09:05:57 [0;34m[INFO  ][0m   [0m
[0m2020-09-16 09:05:57 [0;34m[INFO  ][0m   ----------------------------------------------[0m
[0m2020-09-16 09:05:57 [0;34m[INFO  ][0m   ----------------------------------------------[0m
[0m2020-09-16 09:05:57 [0;34m[INFO  ][0m   Linting [MARKDOWN] files...[0m
[0m2020-09-16 09:05:57 [0;34m[INFO  ][0m   ----------------------------------------------[0m
[0m2020-09-16 09:05:57 [0;34m[INFO  ][0m   ----------------------------------------------[0m
[0m2020-09-16 09:05:57 [0;34m[INFO  ][0m   ---------------------------[0m
[0m2020-09-16 09:05:57 [0;34m[INFO  ][0m   File:[/tmp/lint/README.md][0m
[0m2020-09-16 09:05:58 [0;34m[INFO  ][0m    - File:[0;37m[README.md][0;34m was linted with [0;37m[markdownlint][0;34m successfully[0m
[0m2020-09-16 09:05:58 [0;34m[DEBUG ][0m   Successfully found binary for [0;37m[spectral][0;34m in system location: [0;37m[/node_modules/.bin/spectral][0m
[0m2020-09-16 09:05:58 [0;34m[INFO  ][0m   [0m
[0m2020-09-16 09:05:58 [0;34m[INFO  ][0m   ----------------------------------------------[0m
[0m2020-09-16 09:05:58 [0;34m[INFO  ][0m   ----------------------------------------------[0m
[0m2020-09-16 09:05:58 [0;34m[INFO  ][0m   Linting [OPENAPI] files...[0m
[0m2020-09-16 09:05:58 [0;34m[INFO  ][0m   ----------------------------------------------[0m
[0m2020-09-16 09:05:58 [0;34m[INFO  ][0m   ----------------------------------------------[0m
[0m2020-09-16 09:05:58 [0;34m[DEBUG ][0m   Successfully found binary for [0;37m[perl][0;34m in system location: [0;37m[/usr/bin/perl][0m
[0m2020-09-16 09:05:58 [0;34m[INFO  ][0m   [0m
[0m2020-09-16 09:05:58 [0;34m[INFO  ][0m   ----------------------------------------------[0m
[0m2020-09-16 09:05:58 [0;34m[INFO  ][0m   ----------------------------------------------[0m
[0m2020-09-16 09:05:58 [0;34m[INFO  ][0m   Linting [PERL] files...[0m
[0m2020-09-16 09:05:58 [0;34m[INFO  ][0m   ----------------------------------------------[0m
[0m2020-09-16 09:05:58 [0;34m[INFO  ][0m   ----------------------------------------------[0m
[0m2020-09-16 09:05:58 [0;34m[DEBUG ][0m   Successfully found binary for [0;37m[php][0;34m in system location: [0;37m[/usr/bin/php][0m
[0m2020-09-16 09:05:58 [0;34m[INFO  ][0m   [0m
[0m2020-09-16 09:05:58 [0;34m[INFO  ][0m   ----------------------------------------------[0m
[0m2020-09-16 09:05:58 [0;34m[INFO  ][0m   ----------------------------------------------[0m
[0m2020-09-16 09:05:58 [0;34m[INFO  ][0m   Linting [PHP_BUILTIN] files...[0m
[0m2020-09-16 09:05:58 [0;34m[INFO  ][0m   ----------------------------------------------[0m
[0m2020-09-16 09:05:58 [0;34m[INFO  ][0m   ----------------------------------------------[0m
[0m2020-09-16 09:05:58 [0;34m[DEBUG ][0m   Successfully found binary for [0;37m[phpcs][0;34m in system location: [0;37m[/usr/local/bin/phpcs][0m
[0m2020-09-16 09:05:58 [0;34m[INFO  ][0m   [0m
[0m2020-09-16 09:05:58 [0;34m[INFO  ][0m   ----------------------------------------------[0m
[0m2020-09-16 09:05:58 [0;34m[INFO  ][0m   ----------------------------------------------[0m
[0m2020-09-16 09:05:58 [0;34m[INFO  ][0m   Linting [PHP_PHPCS] files...[0m
[0m2020-09-16 09:05:58 [0;34m[INFO  ][0m   ----------------------------------------------[0m
[0m2020-09-16 09:05:58 [0;34m[INFO  ][0m   ----------------------------------------------[0m
[0m2020-09-16 09:05:58 [0;34m[DEBUG ][0m   Successfully found binary for [0;37m[phpstan][0;34m in system location: [0;37m[/usr/local/bin/phpstan][0m
[0m2020-09-16 09:05:58 [0;34m[INFO  ][0m   [0m
[0m2020-09-16 09:05:58 [0;34m[INFO  ][0m   ----------------------------------------------[0m
[0m2020-09-16 09:05:58 [0;34m[INFO  ][0m   ----------------------------------------------[0m
[0m2020-09-16 09:05:58 [0;34m[INFO  ][0m   Linting [PHP_PHPSTAN] files...[0m
[0m2020-09-16 09:05:58 [0;34m[INFO  ][0m   ----------------------------------------------[0m
[0m2020-09-16 09:05:58 [0;34m[INFO  ][0m   ----------------------------------------------[0m
[0m2020-09-16 09:05:58 [0;34m[DEBUG ][0m   Successfully found binary for [0;37m[psalm][0;34m in system location: [0;37m[/usr/local/bin/psalm][0m
[0m2020-09-16 09:05:58 [0;34m[INFO  ][0m   [0m
[0m2020-09-16 09:05:58 [0;34m[INFO  ][0m   ----------------------------------------------[0m
[0m2020-09-16 09:05:58 [0;34m[INFO  ][0m   ----------------------------------------------[0m
[0m2020-09-16 09:05:58 [0;34m[INFO  ][0m   Linting [PHP_PSALM] files...[0m
[0m2020-09-16 09:05:58 [0;34m[INFO  ][0m   ----------------------------------------------[0m
[0m2020-09-16 09:05:58 [0;34m[INFO  ][0m   ----------------------------------------------[0m
[0m2020-09-16 09:06:01 [0;34m[DEBUG ][0m   Successfully found module [0;37m[PSScriptAnalyzer][0;34m in system[0m
[0m2020-09-16 09:06:01 [0;34m[DEBUG ][0m   Successfully found command [0;37m[Invoke-ScriptAnalyzer][0;34m in system[0m
[0m2020-09-16 09:06:01 [0;34m[DEBUG ][0m   Successfully found binary for [0;37m[pwsh][0;34m in system location: [0;37m[/usr/bin/pwsh][0m
[0m2020-09-16 09:06:01 [0;34m[INFO  ][0m   [0m
[0m2020-09-16 09:06:01 [0;34m[INFO  ][0m   ----------------------------------------------[0m
[0m2020-09-16 09:06:01 [0;34m[INFO  ][0m   ----------------------------------------------[0m
[0m2020-09-16 09:06:01 [0;34m[INFO  ][0m   Linting [POWERSHELL] files...[0m
[0m2020-09-16 09:06:01 [0;34m[INFO  ][0m   ----------------------------------------------[0m
[0m2020-09-16 09:06:01 [0;34m[INFO  ][0m   ----------------------------------------------[0m
[0m2020-09-16 09:06:01 [0;34m[DEBUG ][0m   Successfully found binary for [0;37m[protolint][0;34m in system location: [0;37m[/usr/bin/protolint][0m
[0m2020-09-16 09:06:01 [0;34m[INFO  ][0m   [0m
[0m2020-09-16 09:06:01 [0;34m[INFO  ][0m   ----------------------------------------------[0m
[0m2020-09-16 09:06:01 [0;34m[INFO  ][0m   ----------------------------------------------[0m
[0m2020-09-16 09:06:01 [0;34m[INFO  ][0m   Linting [PROTOBUF] files...[0m
[0m2020-09-16 09:06:01 [0;34m[INFO  ][0m   ----------------------------------------------[0m
[0m2020-09-16 09:06:01 [0;34m[INFO  ][0m   ----------------------------------------------[0m
[0m2020-09-16 09:06:01 [0;34m[DEBUG ][0m   Successfully found binary for [0;37m[black][0;34m in system location: [0;37m[/usr/local/bin/black][0m
[0m2020-09-16 09:06:01 [0;34m[INFO  ][0m   [0m
[0m2020-09-16 09:06:01 [0;34m[INFO  ][0m   ----------------------------------------------[0m
[0m2020-09-16 09:06:01 [0;34m[INFO  ][0m   ----------------------------------------------[0m
[0m2020-09-16 09:06:01 [0;34m[INFO  ][0m   Linting [PYTHON_BLACK] files...[0m
[0m2020-09-16 09:06:01 [0;34m[INFO  ][0m   ----------------------------------------------[0m
[0m2020-09-16 09:06:01 [0;34m[INFO  ][0m   ----------------------------------------------[0m
[0m2020-09-16 09:06:01 [0;34m[INFO  ][0m   ---------------------------[0m
[0m2020-09-16 09:06:01 [0;34m[INFO  ][0m   File:[/tmp/lint/app.py][0m
[0m2020-09-16 09:06:02 [0;34m[INFO  ][0m    - File:[0;37m[app.py][0;34m was linted with [0;37m[black][0;34m successfully[0m
[0m2020-09-16 09:06:02 [0;34m[DEBUG ][0m   Successfully found binary for [0;37m[pylint][0;34m in system location: [0;37m[/usr/local/bin/pylint][0m
[0m2020-09-16 09:06:02 [0;34m[INFO  ][0m   [0m
[0m2020-09-16 09:06:02 [0;34m[INFO  ][0m   ----------------------------------------------[0m
[0m2020-09-16 09:06:02 [0;34m[INFO  ][0m   ----------------------------------------------[0m
[0m2020-09-16 09:06:02 [0;34m[INFO  ][0m   Linting [PYTHON_PYLINT] files...[0m
[0m2020-09-16 09:06:02 [0;34m[INFO  ][0m   ----------------------------------------------[0m
[0m2020-09-16 09:06:02 [0;34m[INFO  ][0m   ----------------------------------------------[0m
[0m2020-09-16 09:06:02 [0;34m[INFO  ][0m   ---------------------------[0m
[0m2020-09-16 09:06:02 [0;34m[INFO  ][0m   File:[/tmp/lint/app.py][0m
[0m2020-09-16 09:06:03 [0;34m[INFO  ][0m    - File:[0;37m[app.py][0;34m was linted with [0;37m[pylint][0;34m successfully[0m
[0m2020-09-16 09:06:03 [0;34m[DEBUG ][0m   Successfully found binary for [0;37m[flake8][0;34m in system location: [0;37m[/usr/local/bin/flake8][0m
[0m2020-09-16 09:06:03 [0;34m[INFO  ][0m   [0m
[0m2020-09-16 09:06:03 [0;34m[INFO  ][0m   ----------------------------------------------[0m
[0m2020-09-16 09:06:03 [0;34m[INFO  ][0m   ----------------------------------------------[0m
[0m2020-09-16 09:06:03 [0;34m[INFO  ][0m   Linting [PYTHON_FLAKE8] files...[0m
[0m2020-09-16 09:06:03 [0;34m[INFO  ][0m   ----------------------------------------------[0m
[0m2020-09-16 09:06:03 [0;34m[INFO  ][0m   ----------------------------------------------[0m
[0m2020-09-16 09:06:03 [0;34m[INFO  ][0m   ---------------------------[0m
[0m2020-09-16 09:06:03 [0;34m[INFO  ][0m   File:[/tmp/lint/app.py][0m
[0m2020-09-16 09:06:03 [0;34m[INFO  ][0m    - File:[0;37m[app.py][0;34m was linted with [0;37m[flake8][0;34m successfully[0m
[0m2020-09-16 09:06:03 [0;34m[DEBUG ][0m   Successfully found binary for [0;37m[lintr][0;34m in system location: [0;37m[/usr/bin/R][0m
[0m2020-09-16 09:06:03 [0;34m[INFO  ][0m   [0m
[0m2020-09-16 09:06:03 [0;34m[INFO  ][0m   ----------------------------------------------[0m
[0m2020-09-16 09:06:03 [0;34m[INFO  ][0m   ----------------------------------------------[0m
[0m2020-09-16 09:06:03 [0;34m[INFO  ][0m   Linting [R] files...[0m
[0m2020-09-16 09:06:03 [0;34m[INFO  ][0m   ----------------------------------------------[0m
[0m2020-09-16 09:06:03 [0;34m[INFO  ][0m   ----------------------------------------------[0m
[0m2020-09-16 09:06:03 [0;34m[DEBUG ][0m   Successfully found binary for [0;37m[raku][0;34m in system location: [0;37m[/usr/bin/raku][0m
[0m2020-09-16 09:06:03 [0;34m[INFO  ][0m   [0m
[0m2020-09-16 09:06:03 [0;34m[INFO  ][0m   ----------------------------------------------[0m
[0m2020-09-16 09:06:03 [0;34m[INFO  ][0m   ----------------------------------------------[0m
[0m2020-09-16 09:06:03 [0;34m[INFO  ][0m   Linting [RAKU] files...[0m
[0m2020-09-16 09:06:03 [0;34m[INFO  ][0m   ----------------------------------------------[0m
[0m2020-09-16 09:06:03 [0;34m[INFO  ][0m   ----------------------------------------------[0m
[0m2020-09-16 09:06:03 [0;34m[DEBUG ][0m   Successfully found binary for [0;37m[rubocop][0;34m in system location: [0;37m[/usr/bin/rubocop][0m
[0m2020-09-16 09:06:03 [0;34m[INFO  ][0m   [0m
[0m2020-09-16 09:06:03 [0;34m[INFO  ][0m   ----------------------------------------------[0m
[0m2020-09-16 09:06:03 [0;34m[INFO  ][0m   ----------------------------------------------[0m
[0m2020-09-16 09:06:03 [0;34m[INFO  ][0m   Linting [RUBY] files...[0m
[0m2020-09-16 09:06:03 [0;34m[INFO  ][0m   ----------------------------------------------[0m
[0m2020-09-16 09:06:03 [0;34m[INFO  ][0m   ----------------------------------------------[0m
[0m2020-09-16 09:06:03 [0;33m[WARN  ][0m   No .editorconfig found at:[/tmp/lint/.editorconfig][0m
[0m2020-09-16 09:06:03 [0;34m[DEBUG ][0m   skipping shfmt[0m
[0m2020-09-16 09:06:03 [0;34m[DEBUG ][0m   Successfully found binary for [0;37m[asl-validator][0;34m in system location: [0;37m[/node_modules/.bin/asl-validator][0m
[0m2020-09-16 09:06:03 [0;34m[INFO  ][0m   [0m
[0m2020-09-16 09:06:03 [0;34m[INFO  ][0m   ----------------------------------------------[0m
[0m2020-09-16 09:06:03 [0;34m[INFO  ][0m   ----------------------------------------------[0m
[0m2020-09-16 09:06:03 [0;34m[INFO  ][0m   Linting [STATES] files...[0m
[0m2020-09-16 09:06:03 [0;34m[INFO  ][0m   ----------------------------------------------[0m
[0m2020-09-16 09:06:03 [0;34m[INFO  ][0m   ----------------------------------------------[0m
[0m2020-09-16 09:06:03 [0;34m[DEBUG ][0m   Successfully found binary for [0;37m[sql-lint][0;34m in system location: [0;37m[/node_modules/.bin/sql-lint][0m
[0m2020-09-16 09:06:03 [0;34m[INFO  ][0m   [0m
[0m2020-09-16 09:06:03 [0;34m[INFO  ][0m   ----------------------------------------------[0m
[0m2020-09-16 09:06:03 [0;34m[INFO  ][0m   ----------------------------------------------[0m
[0m2020-09-16 09:06:03 [0;34m[INFO  ][0m   Linting [SQL] files...[0m
[0m2020-09-16 09:06:03 [0;34m[INFO  ][0m   ----------------------------------------------[0m
[0m2020-09-16 09:06:03 [0;34m[INFO  ][0m   ----------------------------------------------[0m
[0m2020-09-16 09:06:03 [0;34m[DEBUG ][0m   Successfully found binary for [0;37m[tflint][0;34m in system location: [0;37m[/usr/bin/tflint][0m
[0m2020-09-16 09:06:03 [0;34m[INFO  ][0m   [0m
[0m2020-09-16 09:06:03 [0;34m[INFO  ][0m   ----------------------------------------------[0m
[0m2020-09-16 09:06:03 [0;34m[INFO  ][0m   ----------------------------------------------[0m
[0m2020-09-16 09:06:03 [0;34m[INFO  ][0m   Linting [TERRAFORM] files...[0m
[0m2020-09-16 09:06:03 [0;34m[INFO  ][0m   ----------------------------------------------[0m
[0m2020-09-16 09:06:03 [0;34m[INFO  ][0m   ----------------------------------------------[0m
[0m2020-09-16 09:06:03 [0;34m[DEBUG ][0m   Successfully found binary for [0;37m[terrascan][0;34m in system location: [0;37m[/usr/bin/terrascan][0m
[0m2020-09-16 09:06:03 [0;34m[INFO  ][0m   [0m
[0m2020-09-16 09:06:03 [0;34m[INFO  ][0m   ----------------------------------------------[0m
[0m2020-09-16 09:06:03 [0;34m[INFO  ][0m   ----------------------------------------------[0m
[0m2020-09-16 09:06:03 [0;34m[INFO  ][0m   Linting [TERRAFORM_TERRASCAN] files...[0m
[0m2020-09-16 09:06:03 [0;34m[INFO  ][0m   ----------------------------------------------[0m
[0m2020-09-16 09:06:03 [0;34m[INFO  ][0m   ----------------------------------------------[0m
[0m2020-09-16 09:06:04 [0;34m[DEBUG ][0m   Successfully found binary for [0;37m[eslint][0;34m in system location: [0;37m[/node_modules/.bin/eslint][0m
[0m2020-09-16 09:06:04 [0;34m[INFO  ][0m   [0m
[0m2020-09-16 09:06:04 [0;34m[INFO  ][0m   ----------------------------------------------[0m
[0m2020-09-16 09:06:04 [0;34m[INFO  ][0m   ----------------------------------------------[0m
[0m2020-09-16 09:06:04 [0;34m[INFO  ][0m   Linting [TSX] files...[0m
[0m2020-09-16 09:06:04 [0;34m[INFO  ][0m   ----------------------------------------------[0m
[0m2020-09-16 09:06:04 [0;34m[INFO  ][0m   ----------------------------------------------[0m
[0m2020-09-16 09:06:04 [0;34m[DEBUG ][0m   Successfully found binary for [0;37m[eslint][0;34m in system location: [0;37m[/node_modules/.bin/eslint][0m
[0m2020-09-16 09:06:04 [0;34m[INFO  ][0m   [0m
[0m2020-09-16 09:06:04 [0;34m[INFO  ][0m   ----------------------------------------------[0m
[0m2020-09-16 09:06:04 [0;34m[INFO  ][0m   ----------------------------------------------[0m
[0m2020-09-16 09:06:04 [0;34m[INFO  ][0m   Linting [TYPESCRIPT_ES] files...[0m
[0m2020-09-16 09:06:04 [0;34m[INFO  ][0m   ----------------------------------------------[0m
[0m2020-09-16 09:06:04 [0;34m[INFO  ][0m   ----------------------------------------------[0m
[0m2020-09-16 09:06:04 [0;34m[DEBUG ][0m   ENV:[browser][0m
[0m2020-09-16 09:06:04 [0;34m[DEBUG ][0m   ENV:[es6][0m
[0m2020-09-16 09:06:04 [0;34m[DEBUG ][0m   ENV:[jest][0m
[0m2020-09-16 09:06:04 [0;34m[DEBUG ][0m   Successfully found binary for [0;37m[standard][0;34m in system location: [0;37m[/node_modules/.bin/standard][0m
[0m2020-09-16 09:06:04 [0;34m[INFO  ][0m   [0m
[0m2020-09-16 09:06:04 [0;34m[INFO  ][0m   ----------------------------------------------[0m
[0m2020-09-16 09:06:04 [0;34m[INFO  ][0m   ----------------------------------------------[0m
[0m2020-09-16 09:06:04 [0;34m[INFO  ][0m   Linting [TYPESCRIPT_STANDARD] files...[0m
[0m2020-09-16 09:06:04 [0;34m[INFO  ][0m   ----------------------------------------------[0m
[0m2020-09-16 09:06:04 [0;34m[INFO  ][0m   ----------------------------------------------[0m
[0m2020-09-16 09:06:04 [0;34m[DEBUG ][0m   Successfully found binary for [0;37m[xmllint][0;34m in system location: [0;37m[/usr/bin/xmllint][0m
[0m2020-09-16 09:06:04 [0;34m[INFO  ][0m   [0m
[0m2020-09-16 09:06:04 [0;34m[INFO  ][0m   ----------------------------------------------[0m
[0m2020-09-16 09:06:04 [0;34m[INFO  ][0m   ----------------------------------------------[0m
[0m2020-09-16 09:06:04 [0;34m[INFO  ][0m   Linting [XML] files...[0m
[0m2020-09-16 09:06:04 [0;34m[INFO  ][0m   ----------------------------------------------[0m
[0m2020-09-16 09:06:04 [0;34m[INFO  ][0m   ----------------------------------------------[0m
[0m2020-09-16 09:06:04 [0;34m[DEBUG ][0m   Successfully found binary for [0;37m[yamllint][0;34m in system location: [0;37m[/usr/local/bin/yamllint][0m
[0m2020-09-16 09:06:04 [0;34m[INFO  ][0m   [0m
[0m2020-09-16 09:06:04 [0;34m[INFO  ][0m   ----------------------------------------------[0m
[0m2020-09-16 09:06:04 [0;34m[INFO  ][0m   ----------------------------------------------[0m
[0m2020-09-16 09:06:04 [0;34m[INFO  ][0m   Linting [YAML] files...[0m
[0m2020-09-16 09:06:04 [0;34m[INFO  ][0m   ----------------------------------------------[0m
[0m2020-09-16 09:06:04 [0;34m[INFO  ][0m   ----------------------------------------------[0m
[0m2020-09-16 09:06:04 [0;34m[INFO  ][0m   ---------------------------[0m
[0m2020-09-16 09:06:04 [0;34m[INFO  ][0m   File:[/tmp/lint/.github/workflows/ci.yaml][0m
[0m2020-09-16 09:06:04 [0;34m[INFO  ][0m    - File:[0;37m[ci.yaml][0;34m was linted with [0;37m[yamllint][0;34m successfully[0m
[0m2020-09-16 09:06:04 [0;34m[INFO  ][0m   ----------------------------------------------[0m
[0m2020-09-16 09:06:04 [0;34m[INFO  ][0m   ----------------------------------------------[0m
[0m2020-09-16 09:06:04 [0;34m[INFO  ][0m   Generated reports:[0m
[0m2020-09-16 09:06:04 [0;34m[INFO  ][0m   ----------------------------------------------[0m
[0m2020-09-16 09:06:04 [0;34m[INFO  ][0m   ----------------------------------------------[0m
[0m2020-09-16 09:06:04 [0;34m[INFO  ][0m   Reports generated in folder /tmp/lint/super-linter.report[0m
[0m2020-09-16 09:06:04 [0;33m[WARN  ][0m   Report output folder (/tmp/lint/super-linter.report) does NOT exist.[0m
[0m2020-09-16 09:06:04 [0;34m[INFO  ][0m   ----------------------------------------------[0m
[0m2020-09-16 09:06:04 [0;34m[INFO  ][0m   ----------------------------------------------[0m
[0m2020-09-16 09:06:04 [0;34m[INFO  ][0m   The script has completed[0m
[0m2020-09-16 09:06:04 [0;34m[INFO  ][0m   ----------------------------------------------[0m
[0m2020-09-16 09:06:04 [0;34m[INFO  ][0m   ----------------------------------------------[0m
[0m2020-09-16 09:06:04 [0;32m[NOTICE][0m   All file(s) linted successfully with no errors detected[0m
[0m2020-09-16 09:06:04 [0;34m[INFO  ][0m   ----------------------------------------------[0m
